The system is: Linux - 4.8.0-58-generic - x86_64
Compiling the C compiler identification source file "CMakeCCompilerId.c" succeeded.
Compiler: /usr/bin/cc 
Build flags: 
Id flags: 

The output was:
0


Compilation of the C compiler identification source "CMakeCCompilerId.c" produced "a.out"

The C compiler identification is GNU, found in "/home/raymond/elec499/autopot-c++/mysql-connector-cpp-1.1.9/CMakeFiles/3.5.1/CompilerIdC/a.out"

Compiling the CXX compiler identification source file "CMakeCXXCompilerId.cpp" succeeded.
Compiler: /usr/bin/c++ 
Build flags: 
Id flags: 

The output was:
0


Compilation of the CXX compiler identification source "CMakeCXXCompilerId.cpp" produced "a.out"

The CXX compiler identification is GNU, found in "/home/raymond/elec499/autopot-c++/mysql-connector-cpp-1.1.9/CMakeFiles/3.5.1/CompilerIdCXX/a.out"

Determining if the C compiler works passed with the following output:
Change Dir: /home/raymond/elec499/autopot-c++/mysql-connector-cpp-1.1.9/CMakeFiles/CMakeTmp

Run Build Command:"/usr/bin/make" "cmTC_47243/fast"
/usr/bin/make -f CMakeFiles/cmTC_47243.dir/build.make CMakeFiles/cmTC_47243.dir/build
make[1]: Entering directory '/home/raymond/elec499/autopot-c++/mysql-connector-cpp-1.1.9/CMakeFiles/CMakeTmp'
Building C object CMakeFiles/cmTC_47243.dir/testCCompiler.c.o
/usr/bin/cc     -o CMakeFiles/cmTC_47243.dir/testCCompiler.c.o   -c /home/raymond/elec499/autopot-c++/mysql-connector-cpp-1.1.9/CMakeFiles/CMakeTmp/testCCompiler.c
Linking C executable cmTC_47243
/usr/bin/cmake -E cmake_link_script CMakeFiles/cmTC_47243.dir/link.txt --verbose=1
/usr/bin/cc       CMakeFiles/cmTC_47243.dir/testCCompiler.c.o  -o cmTC_47243 -rdynamic 
make[1]: Leaving directory '/home/raymond/elec499/autopot-c++/mysql-connector-cpp-1.1.9/CMakeFiles/CMakeTmp'


Detecting C compiler ABI info compiled with the following output:
Change Dir: /home/raymond/elec499/autopot-c++/mysql-connector-cpp-1.1.9/CMakeFiles/CMakeTmp

Run Build Command:"/usr/bin/make" "cmTC_8db45/fast"
/usr/bin/make -f CMakeFiles/cmTC_8db45.dir/build.make CMakeFiles/cmTC_8db45.dir/build
make[1]: Entering directory '/home/raymond/elec499/autopot-c++/mysql-connector-cpp-1.1.9/CMakeFiles/CMakeTmp'
Building C object CMakeFiles/cmTC_8db45.dir/CMakeCCompilerABI.c.o
/usr/bin/cc     -o CMakeFiles/cmTC_8db45.dir/CMakeCCompilerABI.c.o   -c /usr/share/cmake-3.5/Modules/CMakeCCompilerABI.c
Linking C executable cmTC_8db45
/usr/bin/cmake -E cmake_link_script CMakeFiles/cmTC_8db45.dir/link.txt --verbose=1
/usr/bin/cc      -v CMakeFiles/cmTC_8db45.dir/CMakeCCompilerABI.c.o  -o cmTC_8db45 -rdynamic  
Using built-in specs.
COLLECT_GCC=/usr/bin/cc
COLLECT_LTO_WRAPPER=/usr/lib/gcc/x86_64-linux-gnu/5/lto-wrapper
Target: x86_64-linux-gnu
Configured with: ../src/configure -v --with-pkgversion='Ubuntu 5.4.0-6ubuntu1~16.04.4' --with-bugurl=file:///usr/share/doc/gcc-5/README.Bugs --enable-languages=c,ada,c++,java,go,d,fortran,objc,obj-c++ --prefix=/usr --program-suffix=-5 --enable-shared --enable-linker-build-id --libexecdir=/usr/lib --without-included-gettext --enable-threads=posix --libdir=/usr/lib --enable-nls --with-sysroot=/ --enable-clocale=gnu --enable-libstdcxx-debug --enable-libstdcxx-time=yes --with-default-libstdcxx-abi=new --enable-gnu-unique-object --disable-vtable-verify --enable-libmpx --enable-plugin --with-system-zlib --disable-browser-plugin --enable-java-awt=gtk --enable-gtk-cairo --with-java-home=/usr/lib/jvm/java-1.5.0-gcj-5-amd64/jre --enable-java-home --with-jvm-root-dir=/usr/lib/jvm/java-1.5.0-gcj-5-amd64 --with-jvm-jar-dir=/usr/lib/jvm-exports/java-1.5.0-gcj-5-amd64 --with-arch-directory=amd64 --with-ecj-jar=/usr/share/java/eclipse-ecj.jar --enable-objc-gc --enable-multiarch --disable-werror --with-arch-32=i686 --with-abi=m64 --with-multilib-list=m32,m64,mx32 --enable-multilib --with-tune=generic --enable-checking=release --build=x86_64-linux-gnu --host=x86_64-linux-gnu --target=x86_64-linux-gnu
Thread model: posix
gcc version 5.4.0 20160609 (Ubuntu 5.4.0-6ubuntu1~16.04.4) 
COMPILER_PATH=/usr/lib/gcc/x86_64-linux-gnu/5/:/usr/lib/gcc/x86_64-linux-gnu/5/:/usr/lib/gcc/x86_64-linux-gnu/:/usr/lib/gcc/x86_64-linux-gnu/5/:/usr/lib/gcc/x86_64-linux-gnu/
LIBRARY_PATH=/usr/lib/gcc/x86_64-linux-gnu/5/:/usr/lib/gcc/x86_64-linux-gnu/5/../../../x86_64-linux-gnu/:/usr/lib/gcc/x86_64-linux-gnu/5/../../../../lib/:/lib/x86_64-linux-gnu/:/lib/../lib/:/usr/lib/x86_64-linux-gnu/:/usr/lib/../lib/:/usr/lib/gcc/x86_64-linux-gnu/5/../../../:/lib/:/usr/lib/
COLLECT_GCC_OPTIONS='-v' '-o' 'cmTC_8db45' '-rdynamic' '-mtune=generic' '-march=x86-64'
 /usr/lib/gcc/x86_64-linux-gnu/5/collect2 -plugin /usr/lib/gcc/x86_64-linux-gnu/5/liblto_plugin.so -plugin-opt=/usr/lib/gcc/x86_64-linux-gnu/5/lto-wrapper -plugin-opt=-fresolution=/tmp/ccpMinI5.res -plugin-opt=-pass-through=-lgcc -plugin-opt=-pass-through=-lgcc_s -plugin-opt=-pass-through=-lc -plugin-opt=-pass-through=-lgcc -plugin-opt=-pass-through=-lgcc_s --sysroot=/ --build-id --eh-frame-hdr -m elf_x86_64 --hash-style=gnu --as-needed -export-dynamic -dynamic-linker /lib64/ld-linux-x86-64.so.2 -z relro -o cmTC_8db45 /usr/lib/gcc/x86_64-linux-gnu/5/../../../x86_64-linux-gnu/crt1.o /usr/lib/gcc/x86_64-linux-gnu/5/../../../x86_64-linux-gnu/crti.o /usr/lib/gcc/x86_64-linux-gnu/5/crtbegin.o -L/usr/lib/gcc/x86_64-linux-gnu/5 -L/usr/lib/gcc/x86_64-linux-gnu/5/../../../x86_64-linux-gnu -L/usr/lib/gcc/x86_64-linux-gnu/5/../../../../lib -L/lib/x86_64-linux-gnu -L/lib/../lib -L/usr/lib/x86_64-linux-gnu -L/usr/lib/../lib -L/usr/lib/gcc/x86_64-linux-gnu/5/../../.. CMakeFiles/cmTC_8db45.dir/CMakeCCompilerABI.c.o -lgcc --as-needed -lgcc_s --no-as-needed -lc -lgcc --as-needed -lgcc_s --no-as-needed /usr/lib/gcc/x86_64-linux-gnu/5/crtend.o /usr/lib/gcc/x86_64-linux-gnu/5/../../../x86_64-linux-gnu/crtn.o
make[1]: Leaving directory '/home/raymond/elec499/autopot-c++/mysql-connector-cpp-1.1.9/CMakeFiles/CMakeTmp'


Parsed C implicit link information from above output:
  link line regex: [^( *|.*[/\])(ld|([^/\]+-)?ld|collect2)[^/\]*( |$)]
  ignore line: [Change Dir: /home/raymond/elec499/autopot-c++/mysql-connector-cpp-1.1.9/CMakeFiles/CMakeTmp]
  ignore line: []
  ignore line: [Run Build Command:"/usr/bin/make" "cmTC_8db45/fast"]
  ignore line: [/usr/bin/make -f CMakeFiles/cmTC_8db45.dir/build.make CMakeFiles/cmTC_8db45.dir/build]
  ignore line: [make[1]: Entering directory '/home/raymond/elec499/autopot-c++/mysql-connector-cpp-1.1.9/CMakeFiles/CMakeTmp']
  ignore line: [Building C object CMakeFiles/cmTC_8db45.dir/CMakeCCompilerABI.c.o]
  ignore line: [/usr/bin/cc     -o CMakeFiles/cmTC_8db45.dir/CMakeCCompilerABI.c.o   -c /usr/share/cmake-3.5/Modules/CMakeCCompilerABI.c]
  ignore line: [Linking C executable cmTC_8db45]
  ignore line: [/usr/bin/cmake -E cmake_link_script CMakeFiles/cmTC_8db45.dir/link.txt --verbose=1]
  ignore line: [/usr/bin/cc      -v CMakeFiles/cmTC_8db45.dir/CMakeCCompilerABI.c.o  -o cmTC_8db45 -rdynamic  ]
  ignore line: [Using built-in specs.]
  ignore line: [COLLECT_GCC=/usr/bin/cc]
  ignore line: [COLLECT_LTO_WRAPPER=/usr/lib/gcc/x86_64-linux-gnu/5/lto-wrapper]
  ignore line: [Target: x86_64-linux-gnu]
  ignore line: [Configured with: ../src/configure -v --with-pkgversion='Ubuntu 5.4.0-6ubuntu1~16.04.4' --with-bugurl=file:///usr/share/doc/gcc-5/README.Bugs --enable-languages=c,ada,c++,java,go,d,fortran,objc,obj-c++ --prefix=/usr --program-suffix=-5 --enable-shared --enable-linker-build-id --libexecdir=/usr/lib --without-included-gettext --enable-threads=posix --libdir=/usr/lib --enable-nls --with-sysroot=/ --enable-clocale=gnu --enable-libstdcxx-debug --enable-libstdcxx-time=yes --with-default-libstdcxx-abi=new --enable-gnu-unique-object --disable-vtable-verify --enable-libmpx --enable-plugin --with-system-zlib --disable-browser-plugin --enable-java-awt=gtk --enable-gtk-cairo --with-java-home=/usr/lib/jvm/java-1.5.0-gcj-5-amd64/jre --enable-java-home --with-jvm-root-dir=/usr/lib/jvm/java-1.5.0-gcj-5-amd64 --with-jvm-jar-dir=/usr/lib/jvm-exports/java-1.5.0-gcj-5-amd64 --with-arch-directory=amd64 --with-ecj-jar=/usr/share/java/eclipse-ecj.jar --enable-objc-gc --enable-multiarch --disable-werror --with-arch-32=i686 --with-abi=m64 --with-multilib-list=m32,m64,mx32 --enable-multilib --with-tune=generic --enable-checking=release --build=x86_64-linux-gnu --host=x86_64-linux-gnu --target=x86_64-linux-gnu]
  ignore line: [Thread model: posix]
  ignore line: [gcc version 5.4.0 20160609 (Ubuntu 5.4.0-6ubuntu1~16.04.4) ]
  ignore line: [COMPILER_PATH=/usr/lib/gcc/x86_64-linux-gnu/5/:/usr/lib/gcc/x86_64-linux-gnu/5/:/usr/lib/gcc/x86_64-linux-gnu/:/usr/lib/gcc/x86_64-linux-gnu/5/:/usr/lib/gcc/x86_64-linux-gnu/]
  ignore line: [LIBRARY_PATH=/usr/lib/gcc/x86_64-linux-gnu/5/:/usr/lib/gcc/x86_64-linux-gnu/5/../../../x86_64-linux-gnu/:/usr/lib/gcc/x86_64-linux-gnu/5/../../../../lib/:/lib/x86_64-linux-gnu/:/lib/../lib/:/usr/lib/x86_64-linux-gnu/:/usr/lib/../lib/:/usr/lib/gcc/x86_64-linux-gnu/5/../../../:/lib/:/usr/lib/]
  ignore line: [COLLECT_GCC_OPTIONS='-v' '-o' 'cmTC_8db45' '-rdynamic' '-mtune=generic' '-march=x86-64']
  link line: [ /usr/lib/gcc/x86_64-linux-gnu/5/collect2 -plugin /usr/lib/gcc/x86_64-linux-gnu/5/liblto_plugin.so -plugin-opt=/usr/lib/gcc/x86_64-linux-gnu/5/lto-wrapper -plugin-opt=-fresolution=/tmp/ccpMinI5.res -plugin-opt=-pass-through=-lgcc -plugin-opt=-pass-through=-lgcc_s -plugin-opt=-pass-through=-lc -plugin-opt=-pass-through=-lgcc -plugin-opt=-pass-through=-lgcc_s --sysroot=/ --build-id --eh-frame-hdr -m elf_x86_64 --hash-style=gnu --as-needed -export-dynamic -dynamic-linker /lib64/ld-linux-x86-64.so.2 -z relro -o cmTC_8db45 /usr/lib/gcc/x86_64-linux-gnu/5/../../../x86_64-linux-gnu/crt1.o /usr/lib/gcc/x86_64-linux-gnu/5/../../../x86_64-linux-gnu/crti.o /usr/lib/gcc/x86_64-linux-gnu/5/crtbegin.o -L/usr/lib/gcc/x86_64-linux-gnu/5 -L/usr/lib/gcc/x86_64-linux-gnu/5/../../../x86_64-linux-gnu -L/usr/lib/gcc/x86_64-linux-gnu/5/../../../../lib -L/lib/x86_64-linux-gnu -L/lib/../lib -L/usr/lib/x86_64-linux-gnu -L/usr/lib/../lib -L/usr/lib/gcc/x86_64-linux-gnu/5/../../.. CMakeFiles/cmTC_8db45.dir/CMakeCCompilerABI.c.o -lgcc --as-needed -lgcc_s --no-as-needed -lc -lgcc --as-needed -lgcc_s --no-as-needed /usr/lib/gcc/x86_64-linux-gnu/5/crtend.o /usr/lib/gcc/x86_64-linux-gnu/5/../../../x86_64-linux-gnu/crtn.o]
    arg [/usr/lib/gcc/x86_64-linux-gnu/5/collect2] ==> ignore
    arg [-plugin] ==> ignore
    arg [/usr/lib/gcc/x86_64-linux-gnu/5/liblto_plugin.so] ==> ignore
    arg [-plugin-opt=/usr/lib/gcc/x86_64-linux-gnu/5/lto-wrapper] ==> ignore
    arg [-plugin-opt=-fresolution=/tmp/ccpMinI5.res] ==> ignore
    arg [-plugin-opt=-pass-through=-lgcc] ==> ignore
    arg [-plugin-opt=-pass-through=-lgcc_s] ==> ignore
    arg [-plugin-opt=-pass-through=-lc] ==> ignore
    arg [-plugin-opt=-pass-through=-lgcc] ==> ignore
    arg [-plugin-opt=-pass-through=-lgcc_s] ==> ignore
    arg [--sysroot=/] ==> ignore
    arg [--build-id] ==> ignore
    arg [--eh-frame-hdr] ==> ignore
    arg [-m] ==> ignore
    arg [elf_x86_64] ==> ignore
    arg [--hash-style=gnu] ==> ignore
    arg [--as-needed] ==> ignore
    arg [-export-dynamic] ==> ignore
    arg [-dynamic-linker] ==> ignore
    arg [/lib64/ld-linux-x86-64.so.2] ==> ignore
    arg [-zrelro] ==> ignore
    arg [-o] ==> ignore
    arg [cmTC_8db45] ==> ignore
    arg [/usr/lib/gcc/x86_64-linux-gnu/5/../../../x86_64-linux-gnu/crt1.o] ==> ignore
    arg [/usr/lib/gcc/x86_64-linux-gnu/5/../../../x86_64-linux-gnu/crti.o] ==> ignore
    arg [/usr/lib/gcc/x86_64-linux-gnu/5/crtbegin.o] ==> ignore
    arg [-L/usr/lib/gcc/x86_64-linux-gnu/5] ==> dir [/usr/lib/gcc/x86_64-linux-gnu/5]
    arg [-L/usr/lib/gcc/x86_64-linux-gnu/5/../../../x86_64-linux-gnu] ==> dir [/usr/lib/gcc/x86_64-linux-gnu/5/../../../x86_64-linux-gnu]
    arg [-L/usr/lib/gcc/x86_64-linux-gnu/5/../../../../lib] ==> dir [/usr/lib/gcc/x86_64-linux-gnu/5/../../../../lib]
    arg [-L/lib/x86_64-linux-gnu] ==> dir [/lib/x86_64-linux-gnu]
    arg [-L/lib/../lib] ==> dir [/lib/../lib]
    arg [-L/usr/lib/x86_64-linux-gnu] ==> dir [/usr/lib/x86_64-linux-gnu]
    arg [-L/usr/lib/../lib] ==> dir [/usr/lib/../lib]
    arg [-L/usr/lib/gcc/x86_64-linux-gnu/5/../../..] ==> dir [/usr/lib/gcc/x86_64-linux-gnu/5/../../..]
    arg [CMakeFiles/cmTC_8db45.dir/CMakeCCompilerABI.c.o] ==> ignore
    arg [-lgcc] ==> lib [gcc]
    arg [--as-needed] ==> ignore
    arg [-lgcc_s] ==> lib [gcc_s]
    arg [--no-as-needed] ==> ignore
    arg [-lc] ==> lib [c]
    arg [-lgcc] ==> lib [gcc]
    arg [--as-needed] ==> ignore
    arg [-lgcc_s] ==> lib [gcc_s]
    arg [--no-as-needed] ==> ignore
    arg [/usr/lib/gcc/x86_64-linux-gnu/5/crtend.o] ==> ignore
    arg [/usr/lib/gcc/x86_64-linux-gnu/5/../../../x86_64-linux-gnu/crtn.o] ==> ignore
  remove lib [gcc]
  remove lib [gcc_s]
  remove lib [gcc]
  remove lib [gcc_s]
  collapse library dir [/usr/lib/gcc/x86_64-linux-gnu/5] ==> [/usr/lib/gcc/x86_64-linux-gnu/5]
  collapse library dir [/usr/lib/gcc/x86_64-linux-gnu/5/../../../x86_64-linux-gnu] ==> [/usr/lib/x86_64-linux-gnu]
  collapse library dir [/usr/lib/gcc/x86_64-linux-gnu/5/../../../../lib] ==> [/usr/lib]
  collapse library dir [/lib/x86_64-linux-gnu] ==> [/lib/x86_64-linux-gnu]
  collapse library dir [/lib/../lib] ==> [/lib]
  collapse library dir [/usr/lib/x86_64-linux-gnu] ==> [/usr/lib/x86_64-linux-gnu]
  collapse library dir [/usr/lib/../lib] ==> [/usr/lib]
  collapse library dir [/usr/lib/gcc/x86_64-linux-gnu/5/../../..] ==> [/usr/lib]
  implicit libs: [c]
  implicit dirs: [/usr/lib/gcc/x86_64-linux-gnu/5;/usr/lib/x86_64-linux-gnu;/usr/lib;/lib/x86_64-linux-gnu;/lib]
  implicit fwks: []




Detecting C [-std=c11] compiler features compiled with the following output:
Change Dir: /home/raymond/elec499/autopot-c++/mysql-connector-cpp-1.1.9/CMakeFiles/CMakeTmp

Run Build Command:"/usr/bin/make" "cmTC_b06ba/fast"
/usr/bin/make -f CMakeFiles/cmTC_b06ba.dir/build.make CMakeFiles/cmTC_b06ba.dir/build
make[1]: Entering directory '/home/raymond/elec499/autopot-c++/mysql-connector-cpp-1.1.9/CMakeFiles/CMakeTmp'
Building C object CMakeFiles/cmTC_b06ba.dir/feature_tests.c.o
/usr/bin/cc    -std=c11 -o CMakeFiles/cmTC_b06ba.dir/feature_tests.c.o   -c /home/raymond/elec499/autopot-c++/mysql-connector-cpp-1.1.9/CMakeFiles/feature_tests.c
Linking C executable cmTC_b06ba
/usr/bin/cmake -E cmake_link_script CMakeFiles/cmTC_b06ba.dir/link.txt --verbose=1
/usr/bin/cc       CMakeFiles/cmTC_b06ba.dir/feature_tests.c.o  -o cmTC_b06ba -rdynamic 
make[1]: Leaving directory '/home/raymond/elec499/autopot-c++/mysql-connector-cpp-1.1.9/CMakeFiles/CMakeTmp'


    Feature record: C_FEATURE:1c_function_prototypes
    Feature record: C_FEATURE:1c_restrict
    Feature record: C_FEATURE:1c_static_assert
    Feature record: C_FEATURE:1c_variadic_macros


Detecting C [-std=c99] compiler features compiled with the following output:
Change Dir: /home/raymond/elec499/autopot-c++/mysql-connector-cpp-1.1.9/CMakeFiles/CMakeTmp

Run Build Command:"/usr/bin/make" "cmTC_d172e/fast"
/usr/bin/make -f CMakeFiles/cmTC_d172e.dir/build.make CMakeFiles/cmTC_d172e.dir/build
make[1]: Entering directory '/home/raymond/elec499/autopot-c++/mysql-connector-cpp-1.1.9/CMakeFiles/CMakeTmp'
Building C object CMakeFiles/cmTC_d172e.dir/feature_tests.c.o
/usr/bin/cc    -std=c99 -o CMakeFiles/cmTC_d172e.dir/feature_tests.c.o   -c /home/raymond/elec499/autopot-c++/mysql-connector-cpp-1.1.9/CMakeFiles/feature_tests.c
Linking C executable cmTC_d172e
/usr/bin/cmake -E cmake_link_script CMakeFiles/cmTC_d172e.dir/link.txt --verbose=1
/usr/bin/cc       CMakeFiles/cmTC_d172e.dir/feature_tests.c.o  -o cmTC_d172e -rdynamic 
make[1]: Leaving directory '/home/raymond/elec499/autopot-c++/mysql-connector-cpp-1.1.9/CMakeFiles/CMakeTmp'


    Feature record: C_FEATURE:1c_function_prototypes
    Feature record: C_FEATURE:1c_restrict
    Feature record: C_FEATURE:0c_static_assert
    Feature record: C_FEATURE:1c_variadic_macros


Detecting C [-std=c90] compiler features compiled with the following output:
Change Dir: /home/raymond/elec499/autopot-c++/mysql-connector-cpp-1.1.9/CMakeFiles/CMakeTmp

Run Build Command:"/usr/bin/make" "cmTC_79ea4/fast"
/usr/bin/make -f CMakeFiles/cmTC_79ea4.dir/build.make CMakeFiles/cmTC_79ea4.dir/build
make[1]: Entering directory '/home/raymond/elec499/autopot-c++/mysql-connector-cpp-1.1.9/CMakeFiles/CMakeTmp'
Building C object CMakeFiles/cmTC_79ea4.dir/feature_tests.c.o
/usr/bin/cc    -std=c90 -o CMakeFiles/cmTC_79ea4.dir/feature_tests.c.o   -c /home/raymond/elec499/autopot-c++/mysql-connector-cpp-1.1.9/CMakeFiles/feature_tests.c
Linking C executable cmTC_79ea4
/usr/bin/cmake -E cmake_link_script CMakeFiles/cmTC_79ea4.dir/link.txt --verbose=1
/usr/bin/cc       CMakeFiles/cmTC_79ea4.dir/feature_tests.c.o  -o cmTC_79ea4 -rdynamic 
make[1]: Leaving directory '/home/raymond/elec499/autopot-c++/mysql-connector-cpp-1.1.9/CMakeFiles/CMakeTmp'


    Feature record: C_FEATURE:1c_function_prototypes
    Feature record: C_FEATURE:0c_restrict
    Feature record: C_FEATURE:0c_static_assert
    Feature record: C_FEATURE:0c_variadic_macros
Determining if the CXX compiler works passed with the following output:
Change Dir: /home/raymond/elec499/autopot-c++/mysql-connector-cpp-1.1.9/CMakeFiles/CMakeTmp

Run Build Command:"/usr/bin/make" "cmTC_45334/fast"
/usr/bin/make -f CMakeFiles/cmTC_45334.dir/build.make CMakeFiles/cmTC_45334.dir/build
make[1]: Entering directory '/home/raymond/elec499/autopot-c++/mysql-connector-cpp-1.1.9/CMakeFiles/CMakeTmp'
Building CXX object CMakeFiles/cmTC_45334.dir/testCXXCompiler.cxx.o
/usr/bin/c++      -o CMakeFiles/cmTC_45334.dir/testCXXCompiler.cxx.o -c /home/raymond/elec499/autopot-c++/mysql-connector-cpp-1.1.9/CMakeFiles/CMakeTmp/testCXXCompiler.cxx
Linking CXX executable cmTC_45334
/usr/bin/cmake -E cmake_link_script CMakeFiles/cmTC_45334.dir/link.txt --verbose=1
/usr/bin/c++        CMakeFiles/cmTC_45334.dir/testCXXCompiler.cxx.o  -o cmTC_45334 -rdynamic 
make[1]: Leaving directory '/home/raymond/elec499/autopot-c++/mysql-connector-cpp-1.1.9/CMakeFiles/CMakeTmp'


Detecting CXX compiler ABI info compiled with the following output:
Change Dir: /home/raymond/elec499/autopot-c++/mysql-connector-cpp-1.1.9/CMakeFiles/CMakeTmp

Run Build Command:"/usr/bin/make" "cmTC_b9256/fast"
/usr/bin/make -f CMakeFiles/cmTC_b9256.dir/build.make CMakeFiles/cmTC_b9256.dir/build
make[1]: Entering directory '/home/raymond/elec499/autopot-c++/mysql-connector-cpp-1.1.9/CMakeFiles/CMakeTmp'
Building CXX object CMakeFiles/cmTC_b9256.dir/CMakeCXXCompilerABI.cpp.o
/usr/bin/c++      -o CMakeFiles/cmTC_b9256.dir/CMakeCXXCompilerABI.cpp.o -c /usr/share/cmake-3.5/Modules/CMakeCXXCompilerABI.cpp
Linking CXX executable cmTC_b9256
/usr/bin/cmake -E cmake_link_script CMakeFiles/cmTC_b9256.dir/link.txt --verbose=1
/usr/bin/c++       -v CMakeFiles/cmTC_b9256.dir/CMakeCXXCompilerABI.cpp.o  -o cmTC_b9256 -rdynamic  
Using built-in specs.
COLLECT_GCC=/usr/bin/c++
COLLECT_LTO_WRAPPER=/usr/lib/gcc/x86_64-linux-gnu/5/lto-wrapper
Target: x86_64-linux-gnu
Configured with: ../src/configure -v --with-pkgversion='Ubuntu 5.4.0-6ubuntu1~16.04.4' --with-bugurl=file:///usr/share/doc/gcc-5/README.Bugs --enable-languages=c,ada,c++,java,go,d,fortran,objc,obj-c++ --prefix=/usr --program-suffix=-5 --enable-shared --enable-linker-build-id --libexecdir=/usr/lib --without-included-gettext --enable-threads=posix --libdir=/usr/lib --enable-nls --with-sysroot=/ --enable-clocale=gnu --enable-libstdcxx-debug --enable-libstdcxx-time=yes --with-default-libstdcxx-abi=new --enable-gnu-unique-object --disable-vtable-verify --enable-libmpx --enable-plugin --with-system-zlib --disable-browser-plugin --enable-java-awt=gtk --enable-gtk-cairo --with-java-home=/usr/lib/jvm/java-1.5.0-gcj-5-amd64/jre --enable-java-home --with-jvm-root-dir=/usr/lib/jvm/java-1.5.0-gcj-5-amd64 --with-jvm-jar-dir=/usr/lib/jvm-exports/java-1.5.0-gcj-5-amd64 --with-arch-directory=amd64 --with-ecj-jar=/usr/share/java/eclipse-ecj.jar --enable-objc-gc --enable-multiarch --disable-werror --with-arch-32=i686 --with-abi=m64 --with-multilib-list=m32,m64,mx32 --enable-multilib --with-tune=generic --enable-checking=release --build=x86_64-linux-gnu --host=x86_64-linux-gnu --target=x86_64-linux-gnu
Thread model: posix
gcc version 5.4.0 20160609 (Ubuntu 5.4.0-6ubuntu1~16.04.4) 
COMPILER_PATH=/usr/lib/gcc/x86_64-linux-gnu/5/:/usr/lib/gcc/x86_64-linux-gnu/5/:/usr/lib/gcc/x86_64-linux-gnu/:/usr/lib/gcc/x86_64-linux-gnu/5/:/usr/lib/gcc/x86_64-linux-gnu/
LIBRARY_PATH=/usr/lib/gcc/x86_64-linux-gnu/5/:/usr/lib/gcc/x86_64-linux-gnu/5/../../../x86_64-linux-gnu/:/usr/lib/gcc/x86_64-linux-gnu/5/../../../../lib/:/lib/x86_64-linux-gnu/:/lib/../lib/:/usr/lib/x86_64-linux-gnu/:/usr/lib/../lib/:/usr/lib/gcc/x86_64-linux-gnu/5/../../../:/lib/:/usr/lib/
COLLECT_GCC_OPTIONS='-v' '-o' 'cmTC_b9256' '-rdynamic' '-shared-libgcc' '-mtune=generic' '-march=x86-64'
 /usr/lib/gcc/x86_64-linux-gnu/5/collect2 -plugin /usr/lib/gcc/x86_64-linux-gnu/5/liblto_plugin.so -plugin-opt=/usr/lib/gcc/x86_64-linux-gnu/5/lto-wrapper -plugin-opt=-fresolution=/tmp/ccKGOsGy.res -plugin-opt=-pass-through=-lgcc_s -plugin-opt=-pass-through=-lgcc -plugin-opt=-pass-through=-lc -plugin-opt=-pass-through=-lgcc_s -plugin-opt=-pass-through=-lgcc --sysroot=/ --build-id --eh-frame-hdr -m elf_x86_64 --hash-style=gnu --as-needed -export-dynamic -dynamic-linker /lib64/ld-linux-x86-64.so.2 -z relro -o cmTC_b9256 /usr/lib/gcc/x86_64-linux-gnu/5/../../../x86_64-linux-gnu/crt1.o /usr/lib/gcc/x86_64-linux-gnu/5/../../../x86_64-linux-gnu/crti.o /usr/lib/gcc/x86_64-linux-gnu/5/crtbegin.o -L/usr/lib/gcc/x86_64-linux-gnu/5 -L/usr/lib/gcc/x86_64-linux-gnu/5/../../../x86_64-linux-gnu -L/usr/lib/gcc/x86_64-linux-gnu/5/../../../../lib -L/lib/x86_64-linux-gnu -L/lib/../lib -L/usr/lib/x86_64-linux-gnu -L/usr/lib/../lib -L/usr/lib/gcc/x86_64-linux-gnu/5/../../.. CMakeFiles/cmTC_b9256.dir/CMakeCXXCompilerABI.cpp.o -lstdc++ -lm -lgcc_s -lgcc -lc -lgcc_s -lgcc /usr/lib/gcc/x86_64-linux-gnu/5/crtend.o /usr/lib/gcc/x86_64-linux-gnu/5/../../../x86_64-linux-gnu/crtn.o
make[1]: Leaving directory '/home/raymond/elec499/autopot-c++/mysql-connector-cpp-1.1.9/CMakeFiles/CMakeTmp'


Parsed CXX implicit link information from above output:
  link line regex: [^( *|.*[/\])(ld|([^/\]+-)?ld|collect2)[^/\]*( |$)]
  ignore line: [Change Dir: /home/raymond/elec499/autopot-c++/mysql-connector-cpp-1.1.9/CMakeFiles/CMakeTmp]
  ignore line: []
  ignore line: [Run Build Command:"/usr/bin/make" "cmTC_b9256/fast"]
  ignore line: [/usr/bin/make -f CMakeFiles/cmTC_b9256.dir/build.make CMakeFiles/cmTC_b9256.dir/build]
  ignore line: [make[1]: Entering directory '/home/raymond/elec499/autopot-c++/mysql-connector-cpp-1.1.9/CMakeFiles/CMakeTmp']
  ignore line: [Building CXX object CMakeFiles/cmTC_b9256.dir/CMakeCXXCompilerABI.cpp.o]
  ignore line: [/usr/bin/c++      -o CMakeFiles/cmTC_b9256.dir/CMakeCXXCompilerABI.cpp.o -c /usr/share/cmake-3.5/Modules/CMakeCXXCompilerABI.cpp]
  ignore line: [Linking CXX executable cmTC_b9256]
  ignore line: [/usr/bin/cmake -E cmake_link_script CMakeFiles/cmTC_b9256.dir/link.txt --verbose=1]
  ignore line: [/usr/bin/c++       -v CMakeFiles/cmTC_b9256.dir/CMakeCXXCompilerABI.cpp.o  -o cmTC_b9256 -rdynamic  ]
  ignore line: [Using built-in specs.]
  ignore line: [COLLECT_GCC=/usr/bin/c++]
  ignore line: [COLLECT_LTO_WRAPPER=/usr/lib/gcc/x86_64-linux-gnu/5/lto-wrapper]
  ignore line: [Target: x86_64-linux-gnu]
  ignore line: [Configured with: ../src/configure -v --with-pkgversion='Ubuntu 5.4.0-6ubuntu1~16.04.4' --with-bugurl=file:///usr/share/doc/gcc-5/README.Bugs --enable-languages=c,ada,c++,java,go,d,fortran,objc,obj-c++ --prefix=/usr --program-suffix=-5 --enable-shared --enable-linker-build-id --libexecdir=/usr/lib --without-included-gettext --enable-threads=posix --libdir=/usr/lib --enable-nls --with-sysroot=/ --enable-clocale=gnu --enable-libstdcxx-debug --enable-libstdcxx-time=yes --with-default-libstdcxx-abi=new --enable-gnu-unique-object --disable-vtable-verify --enable-libmpx --enable-plugin --with-system-zlib --disable-browser-plugin --enable-java-awt=gtk --enable-gtk-cairo --with-java-home=/usr/lib/jvm/java-1.5.0-gcj-5-amd64/jre --enable-java-home --with-jvm-root-dir=/usr/lib/jvm/java-1.5.0-gcj-5-amd64 --with-jvm-jar-dir=/usr/lib/jvm-exports/java-1.5.0-gcj-5-amd64 --with-arch-directory=amd64 --with-ecj-jar=/usr/share/java/eclipse-ecj.jar --enable-objc-gc --enable-multiarch --disable-werror --with-arch-32=i686 --with-abi=m64 --with-multilib-list=m32,m64,mx32 --enable-multilib --with-tune=generic --enable-checking=release --build=x86_64-linux-gnu --host=x86_64-linux-gnu --target=x86_64-linux-gnu]
  ignore line: [Thread model: posix]
  ignore line: [gcc version 5.4.0 20160609 (Ubuntu 5.4.0-6ubuntu1~16.04.4) ]
  ignore line: [COMPILER_PATH=/usr/lib/gcc/x86_64-linux-gnu/5/:/usr/lib/gcc/x86_64-linux-gnu/5/:/usr/lib/gcc/x86_64-linux-gnu/:/usr/lib/gcc/x86_64-linux-gnu/5/:/usr/lib/gcc/x86_64-linux-gnu/]
  ignore line: [LIBRARY_PATH=/usr/lib/gcc/x86_64-linux-gnu/5/:/usr/lib/gcc/x86_64-linux-gnu/5/../../../x86_64-linux-gnu/:/usr/lib/gcc/x86_64-linux-gnu/5/../../../../lib/:/lib/x86_64-linux-gnu/:/lib/../lib/:/usr/lib/x86_64-linux-gnu/:/usr/lib/../lib/:/usr/lib/gcc/x86_64-linux-gnu/5/../../../:/lib/:/usr/lib/]
  ignore line: [COLLECT_GCC_OPTIONS='-v' '-o' 'cmTC_b9256' '-rdynamic' '-shared-libgcc' '-mtune=generic' '-march=x86-64']
  link line: [ /usr/lib/gcc/x86_64-linux-gnu/5/collect2 -plugin /usr/lib/gcc/x86_64-linux-gnu/5/liblto_plugin.so -plugin-opt=/usr/lib/gcc/x86_64-linux-gnu/5/lto-wrapper -plugin-opt=-fresolution=/tmp/ccKGOsGy.res -plugin-opt=-pass-through=-lgcc_s -plugin-opt=-pass-through=-lgcc -plugin-opt=-pass-through=-lc -plugin-opt=-pass-through=-lgcc_s -plugin-opt=-pass-through=-lgcc --sysroot=/ --build-id --eh-frame-hdr -m elf_x86_64 --hash-style=gnu --as-needed -export-dynamic -dynamic-linker /lib64/ld-linux-x86-64.so.2 -z relro -o cmTC_b9256 /usr/lib/gcc/x86_64-linux-gnu/5/../../../x86_64-linux-gnu/crt1.o /usr/lib/gcc/x86_64-linux-gnu/5/../../../x86_64-linux-gnu/crti.o /usr/lib/gcc/x86_64-linux-gnu/5/crtbegin.o -L/usr/lib/gcc/x86_64-linux-gnu/5 -L/usr/lib/gcc/x86_64-linux-gnu/5/../../../x86_64-linux-gnu -L/usr/lib/gcc/x86_64-linux-gnu/5/../../../../lib -L/lib/x86_64-linux-gnu -L/lib/../lib -L/usr/lib/x86_64-linux-gnu -L/usr/lib/../lib -L/usr/lib/gcc/x86_64-linux-gnu/5/../../.. CMakeFiles/cmTC_b9256.dir/CMakeCXXCompilerABI.cpp.o -lstdc++ -lm -lgcc_s -lgcc -lc -lgcc_s -lgcc /usr/lib/gcc/x86_64-linux-gnu/5/crtend.o /usr/lib/gcc/x86_64-linux-gnu/5/../../../x86_64-linux-gnu/crtn.o]
    arg [/usr/lib/gcc/x86_64-linux-gnu/5/collect2] ==> ignore
    arg [-plugin] ==> ignore
    arg [/usr/lib/gcc/x86_64-linux-gnu/5/liblto_plugin.so] ==> ignore
    arg [-plugin-opt=/usr/lib/gcc/x86_64-linux-gnu/5/lto-wrapper] ==> ignore
    arg [-plugin-opt=-fresolution=/tmp/ccKGOsGy.res] ==> ignore
    arg [-plugin-opt=-pass-through=-lgcc_s] ==> ignore
    arg [-plugin-opt=-pass-through=-lgcc] ==> ignore
    arg [-plugin-opt=-pass-through=-lc] ==> ignore
    arg [-plugin-opt=-pass-through=-lgcc_s] ==> ignore
    arg [-plugin-opt=-pass-through=-lgcc] ==> ignore
    arg [--sysroot=/] ==> ignore
    arg [--build-id] ==> ignore
    arg [--eh-frame-hdr] ==> ignore
    arg [-m] ==> ignore
    arg [elf_x86_64] ==> ignore
    arg [--hash-style=gnu] ==> ignore
    arg [--as-needed] ==> ignore
    arg [-export-dynamic] ==> ignore
    arg [-dynamic-linker] ==> ignore
    arg [/lib64/ld-linux-x86-64.so.2] ==> ignore
    arg [-zrelro] ==> ignore
    arg [-o] ==> ignore
    arg [cmTC_b9256] ==> ignore
    arg [/usr/lib/gcc/x86_64-linux-gnu/5/../../../x86_64-linux-gnu/crt1.o] ==> ignore
    arg [/usr/lib/gcc/x86_64-linux-gnu/5/../../../x86_64-linux-gnu/crti.o] ==> ignore
    arg [/usr/lib/gcc/x86_64-linux-gnu/5/crtbegin.o] ==> ignore
    arg [-L/usr/lib/gcc/x86_64-linux-gnu/5] ==> dir [/usr/lib/gcc/x86_64-linux-gnu/5]
    arg [-L/usr/lib/gcc/x86_64-linux-gnu/5/../../../x86_64-linux-gnu] ==> dir [/usr/lib/gcc/x86_64-linux-gnu/5/../../../x86_64-linux-gnu]
    arg [-L/usr/lib/gcc/x86_64-linux-gnu/5/../../../../lib] ==> dir [/usr/lib/gcc/x86_64-linux-gnu/5/../../../../lib]
    arg [-L/lib/x86_64-linux-gnu] ==> dir [/lib/x86_64-linux-gnu]
    arg [-L/lib/../lib] ==> dir [/lib/../lib]
    arg [-L/usr/lib/x86_64-linux-gnu] ==> dir [/usr/lib/x86_64-linux-gnu]
    arg [-L/usr/lib/../lib] ==> dir [/usr/lib/../lib]
    arg [-L/usr/lib/gcc/x86_64-linux-gnu/5/../../..] ==> dir [/usr/lib/gcc/x86_64-linux-gnu/5/../../..]
    arg [CMakeFiles/cmTC_b9256.dir/CMakeCXXCompilerABI.cpp.o] ==> ignore
    arg [-lstdc++] ==> lib [stdc++]
    arg [-lm] ==> lib [m]
    arg [-lgcc_s] ==> lib [gcc_s]
    arg [-lgcc] ==> lib [gcc]
    arg [-lc] ==> lib [c]
    arg [-lgcc_s] ==> lib [gcc_s]
    arg [-lgcc] ==> lib [gcc]
    arg [/usr/lib/gcc/x86_64-linux-gnu/5/crtend.o] ==> ignore
    arg [/usr/lib/gcc/x86_64-linux-gnu/5/../../../x86_64-linux-gnu/crtn.o] ==> ignore
  remove lib [gcc_s]
  remove lib [gcc]
  remove lib [gcc_s]
  remove lib [gcc]
  collapse library dir [/usr/lib/gcc/x86_64-linux-gnu/5] ==> [/usr/lib/gcc/x86_64-linux-gnu/5]
  collapse library dir [/usr/lib/gcc/x86_64-linux-gnu/5/../../../x86_64-linux-gnu] ==> [/usr/lib/x86_64-linux-gnu]
  collapse library dir [/usr/lib/gcc/x86_64-linux-gnu/5/../../../../lib] ==> [/usr/lib]
  collapse library dir [/lib/x86_64-linux-gnu] ==> [/lib/x86_64-linux-gnu]
  collapse library dir [/lib/../lib] ==> [/lib]
  collapse library dir [/usr/lib/x86_64-linux-gnu] ==> [/usr/lib/x86_64-linux-gnu]
  collapse library dir [/usr/lib/../lib] ==> [/usr/lib]
  collapse library dir [/usr/lib/gcc/x86_64-linux-gnu/5/../../..] ==> [/usr/lib]
  implicit libs: [stdc++;m;c]
  implicit dirs: [/usr/lib/gcc/x86_64-linux-gnu/5;/usr/lib/x86_64-linux-gnu;/usr/lib;/lib/x86_64-linux-gnu;/lib]
  implicit fwks: []




Detecting CXX [-std=c++14] compiler features compiled with the following output:
Change Dir: /home/raymond/elec499/autopot-c++/mysql-connector-cpp-1.1.9/CMakeFiles/CMakeTmp

Run Build Command:"/usr/bin/make" "cmTC_988bc/fast"
/usr/bin/make -f CMakeFiles/cmTC_988bc.dir/build.make CMakeFiles/cmTC_988bc.dir/build
make[1]: Entering directory '/home/raymond/elec499/autopot-c++/mysql-connector-cpp-1.1.9/CMakeFiles/CMakeTmp'
Building CXX object CMakeFiles/cmTC_988bc.dir/feature_tests.cxx.o
/usr/bin/c++     -std=c++14 -o CMakeFiles/cmTC_988bc.dir/feature_tests.cxx.o -c /home/raymond/elec499/autopot-c++/mysql-connector-cpp-1.1.9/CMakeFiles/feature_tests.cxx
Linking CXX executable cmTC_988bc
/usr/bin/cmake -E cmake_link_script CMakeFiles/cmTC_988bc.dir/link.txt --verbose=1
/usr/bin/c++        CMakeFiles/cmTC_988bc.dir/feature_tests.cxx.o  -o cmTC_988bc -rdynamic 
make[1]: Leaving directory '/home/raymond/elec499/autopot-c++/mysql-connector-cpp-1.1.9/CMakeFiles/CMakeTmp'


    Feature record: CXX_FEATURE:1cxx_aggregate_default_initializers
    Feature record: CXX_FEATURE:1cxx_alias_templates
    Feature record: CXX_FEATURE:1cxx_alignas
    Feature record: CXX_FEATURE:1cxx_alignof
    Feature record: CXX_FEATURE:1cxx_attributes
    Feature record: CXX_FEATURE:1cxx_attribute_deprecated
    Feature record: CXX_FEATURE:1cxx_auto_type
    Feature record: CXX_FEATURE:1cxx_binary_literals
    Feature record: CXX_FEATURE:1cxx_constexpr
    Feature record: CXX_FEATURE:1cxx_contextual_conversions
    Feature record: CXX_FEATURE:1cxx_decltype
    Feature record: CXX_FEATURE:1cxx_decltype_auto
    Feature record: CXX_FEATURE:1cxx_decltype_incomplete_return_types
    Feature record: CXX_FEATURE:1cxx_default_function_template_args
    Feature record: CXX_FEATURE:1cxx_defaulted_functions
    Feature record: CXX_FEATURE:1cxx_defaulted_move_initializers
    Feature record: CXX_FEATURE:1cxx_delegating_constructors
    Feature record: CXX_FEATURE:1cxx_deleted_functions
    Feature record: CXX_FEATURE:1cxx_digit_separators
    Feature record: CXX_FEATURE:1cxx_enum_forward_declarations
    Feature record: CXX_FEATURE:1cxx_explicit_conversions
    Feature record: CXX_FEATURE:1cxx_extended_friend_declarations
    Feature record: CXX_FEATURE:1cxx_extern_templates
    Feature record: CXX_FEATURE:1cxx_final
    Feature record: CXX_FEATURE:1cxx_func_identifier
    Feature record: CXX_FEATURE:1cxx_generalized_initializers
    Feature record: CXX_FEATURE:1cxx_generic_lambdas
    Feature record: CXX_FEATURE:1cxx_inheriting_constructors
    Feature record: CXX_FEATURE:1cxx_inline_namespaces
    Feature record: CXX_FEATURE:1cxx_lambdas
    Feature record: CXX_FEATURE:1cxx_lambda_init_captures
    Feature record: CXX_FEATURE:1cxx_local_type_template_args
    Feature record: CXX_FEATURE:1cxx_long_long_type
    Feature record: CXX_FEATURE:1cxx_noexcept
    Feature record: CXX_FEATURE:1cxx_nonstatic_member_init
    Feature record: CXX_FEATURE:1cxx_nullptr
    Feature record: CXX_FEATURE:1cxx_override
    Feature record: CXX_FEATURE:1cxx_range_for
    Feature record: CXX_FEATURE:1cxx_raw_string_literals
    Feature record: CXX_FEATURE:1cxx_reference_qualified_functions
    Feature record: CXX_FEATURE:1cxx_relaxed_constexpr
    Feature record: CXX_FEATURE:1cxx_return_type_deduction
    Feature record: CXX_FEATURE:1cxx_right_angle_brackets
    Feature record: CXX_FEATURE:1cxx_rvalue_references
    Feature record: CXX_FEATURE:1cxx_sizeof_member
    Feature record: CXX_FEATURE:1cxx_static_assert
    Feature record: CXX_FEATURE:1cxx_strong_enums
    Feature record: CXX_FEATURE:1cxx_template_template_parameters
    Feature record: CXX_FEATURE:1cxx_thread_local
    Feature record: CXX_FEATURE:1cxx_trailing_return_types
    Feature record: CXX_FEATURE:1cxx_unicode_literals
    Feature record: CXX_FEATURE:1cxx_uniform_initialization
    Feature record: CXX_FEATURE:1cxx_unrestricted_unions
    Feature record: CXX_FEATURE:1cxx_user_literals
    Feature record: CXX_FEATURE:1cxx_variable_templates
    Feature record: CXX_FEATURE:1cxx_variadic_macros
    Feature record: CXX_FEATURE:1cxx_variadic_templates


Detecting CXX [-std=c++11] compiler features compiled with the following output:
Change Dir: /home/raymond/elec499/autopot-c++/mysql-connector-cpp-1.1.9/CMakeFiles/CMakeTmp

Run Build Command:"/usr/bin/make" "cmTC_411e7/fast"
/usr/bin/make -f CMakeFiles/cmTC_411e7.dir/build.make CMakeFiles/cmTC_411e7.dir/build
make[1]: Entering directory '/home/raymond/elec499/autopot-c++/mysql-connector-cpp-1.1.9/CMakeFiles/CMakeTmp'
Building CXX object CMakeFiles/cmTC_411e7.dir/feature_tests.cxx.o
/usr/bin/c++     -std=c++11 -o CMakeFiles/cmTC_411e7.dir/feature_tests.cxx.o -c /home/raymond/elec499/autopot-c++/mysql-connector-cpp-1.1.9/CMakeFiles/feature_tests.cxx
Linking CXX executable cmTC_411e7
/usr/bin/cmake -E cmake_link_script CMakeFiles/cmTC_411e7.dir/link.txt --verbose=1
/usr/bin/c++        CMakeFiles/cmTC_411e7.dir/feature_tests.cxx.o  -o cmTC_411e7 -rdynamic 
make[1]: Leaving directory '/home/raymond/elec499/autopot-c++/mysql-connector-cpp-1.1.9/CMakeFiles/CMakeTmp'


    Feature record: CXX_FEATURE:0cxx_aggregate_default_initializers
    Feature record: CXX_FEATURE:1cxx_alias_templates
    Feature record: CXX_FEATURE:1cxx_alignas
    Feature record: CXX_FEATURE:1cxx_alignof
    Feature record: CXX_FEATURE:1cxx_attributes
    Feature record: CXX_FEATURE:0cxx_attribute_deprecated
    Feature record: CXX_FEATURE:1cxx_auto_type
    Feature record: CXX_FEATURE:0cxx_binary_literals
    Feature record: CXX_FEATURE:1cxx_constexpr
    Feature record: CXX_FEATURE:0cxx_contextual_conversions
    Feature record: CXX_FEATURE:1cxx_decltype
    Feature record: CXX_FEATURE:0cxx_decltype_auto
    Feature record: CXX_FEATURE:1cxx_decltype_incomplete_return_types
    Feature record: CXX_FEATURE:1cxx_default_function_template_args
    Feature record: CXX_FEATURE:1cxx_defaulted_functions
    Feature record: CXX_FEATURE:1cxx_defaulted_move_initializers
    Feature record: CXX_FEATURE:1cxx_delegating_constructors
    Feature record: CXX_FEATURE:1cxx_deleted_functions
    Feature record: CXX_FEATURE:0cxx_digit_separators
    Feature record: CXX_FEATURE:1cxx_enum_forward_declarations
    Feature record: CXX_FEATURE:1cxx_explicit_conversions
    Feature record: CXX_FEATURE:1cxx_extended_friend_declarations
    Feature record: CXX_FEATURE:1cxx_extern_templates
    Feature record: CXX_FEATURE:1cxx_final
    Feature record: CXX_FEATURE:1cxx_func_identifier
    Feature record: CXX_FEATURE:1cxx_generalized_initializers
    Feature record: CXX_FEATURE:0cxx_generic_lambdas
    Feature record: CXX_FEATURE:1cxx_inheriting_constructors
    Feature record: CXX_FEATURE:1cxx_inline_namespaces
    Feature record: CXX_FEATURE:1cxx_lambdas
    Feature record: CXX_FEATURE:0cxx_lambda_init_captures
    Feature record: CXX_FEATURE:1cxx_local_type_template_args
    Feature record: CXX_FEATURE:1cxx_long_long_type
    Feature record: CXX_FEATURE:1cxx_noexcept
    Feature record: CXX_FEATURE:1cxx_nonstatic_member_init
    Feature record: CXX_FEATURE:1cxx_nullptr
    Feature record: CXX_FEATURE:1cxx_override
    Feature record: CXX_FEATURE:1cxx_range_for
    Feature record: CXX_FEATURE:1cxx_raw_string_literals
    Feature record: CXX_FEATURE:1cxx_reference_qualified_functions
    Feature record: CXX_FEATURE:0cxx_relaxed_constexpr
    Feature record: CXX_FEATURE:0cxx_return_type_deduction
    Feature record: CXX_FEATURE:1cxx_right_angle_brackets
    Feature record: CXX_FEATURE:1cxx_rvalue_references
    Feature record: CXX_FEATURE:1cxx_sizeof_member
    Feature record: CXX_FEATURE:1cxx_static_assert
    Feature record: CXX_FEATURE:1cxx_strong_enums
    Feature record: CXX_FEATURE:1cxx_template_template_parameters
    Feature record: CXX_FEATURE:1cxx_thread_local
    Feature record: CXX_FEATURE:1cxx_trailing_return_types
    Feature record: CXX_FEATURE:1cxx_unicode_literals
    Feature record: CXX_FEATURE:1cxx_uniform_initialization
    Feature record: CXX_FEATURE:1cxx_unrestricted_unions
    Feature record: CXX_FEATURE:1cxx_user_literals
    Feature record: CXX_FEATURE:0cxx_variable_templates
    Feature record: CXX_FEATURE:1cxx_variadic_macros
    Feature record: CXX_FEATURE:1cxx_variadic_templates


Detecting CXX [-std=c++98] compiler features compiled with the following output:
Change Dir: /home/raymond/elec499/autopot-c++/mysql-connector-cpp-1.1.9/CMakeFiles/CMakeTmp

Run Build Command:"/usr/bin/make" "cmTC_45e3e/fast"
/usr/bin/make -f CMakeFiles/cmTC_45e3e.dir/build.make CMakeFiles/cmTC_45e3e.dir/build
make[1]: Entering directory '/home/raymond/elec499/autopot-c++/mysql-connector-cpp-1.1.9/CMakeFiles/CMakeTmp'
Building CXX object CMakeFiles/cmTC_45e3e.dir/feature_tests.cxx.o
/usr/bin/c++     -std=c++98 -o CMakeFiles/cmTC_45e3e.dir/feature_tests.cxx.o -c /home/raymond/elec499/autopot-c++/mysql-connector-cpp-1.1.9/CMakeFiles/feature_tests.cxx
Linking CXX executable cmTC_45e3e
/usr/bin/cmake -E cmake_link_script CMakeFiles/cmTC_45e3e.dir/link.txt --verbose=1
/usr/bin/c++        CMakeFiles/cmTC_45e3e.dir/feature_tests.cxx.o  -o cmTC_45e3e -rdynamic 
make[1]: Leaving directory '/home/raymond/elec499/autopot-c++/mysql-connector-cpp-1.1.9/CMakeFiles/CMakeTmp'


    Feature record: CXX_FEATURE:0cxx_aggregate_default_initializers
    Feature record: CXX_FEATURE:0cxx_alias_templates
    Feature record: CXX_FEATURE:0cxx_alignas
    Feature record: CXX_FEATURE:0cxx_alignof
    Feature record: CXX_FEATURE:0cxx_attributes
    Feature record: CXX_FEATURE:0cxx_attribute_deprecated
    Feature record: CXX_FEATURE:0cxx_auto_type
    Feature record: CXX_FEATURE:0cxx_binary_literals
    Feature record: CXX_FEATURE:0cxx_constexpr
    Feature record: CXX_FEATURE:0cxx_contextual_conversions
    Feature record: CXX_FEATURE:0cxx_decltype
    Feature record: CXX_FEATURE:0cxx_decltype_auto
    Feature record: CXX_FEATURE:0cxx_decltype_incomplete_return_types
    Feature record: CXX_FEATURE:0cxx_default_function_template_args
    Feature record: CXX_FEATURE:0cxx_defaulted_functions
    Feature record: CXX_FEATURE:0cxx_defaulted_move_initializers
    Feature record: CXX_FEATURE:0cxx_delegating_constructors
    Feature record: CXX_FEATURE:0cxx_deleted_functions
    Feature record: CXX_FEATURE:0cxx_digit_separators
    Feature record: CXX_FEATURE:0cxx_enum_forward_declarations
    Feature record: CXX_FEATURE:0cxx_explicit_conversions
    Feature record: CXX_FEATURE:0cxx_extended_friend_declarations
    Feature record: CXX_FEATURE:0cxx_extern_templates
    Feature record: CXX_FEATURE:0cxx_final
    Feature record: CXX_FEATURE:0cxx_func_identifier
    Feature record: CXX_FEATURE:0cxx_generalized_initializers
    Feature record: CXX_FEATURE:0cxx_generic_lambdas
    Feature record: CXX_FEATURE:0cxx_inheriting_constructors
    Feature record: CXX_FEATURE:0cxx_inline_namespaces
    Feature record: CXX_FEATURE:0cxx_lambdas
    Feature record: CXX_FEATURE:0cxx_lambda_init_captures
    Feature record: CXX_FEATURE:0cxx_local_type_template_args
    Feature record: CXX_FEATURE:0cxx_long_long_type
    Feature record: CXX_FEATURE:0cxx_noexcept
    Feature record: CXX_FEATURE:0cxx_nonstatic_member_init
    Feature record: CXX_FEATURE:0cxx_nullptr
    Feature record: CXX_FEATURE:0cxx_override
    Feature record: CXX_FEATURE:0cxx_range_for
    Feature record: CXX_FEATURE:0cxx_raw_string_literals
    Feature record: CXX_FEATURE:0cxx_reference_qualified_functions
    Feature record: CXX_FEATURE:0cxx_relaxed_constexpr
    Feature record: CXX_FEATURE:0cxx_return_type_deduction
    Feature record: CXX_FEATURE:0cxx_right_angle_brackets
    Feature record: CXX_FEATURE:0cxx_rvalue_references
    Feature record: CXX_FEATURE:0cxx_sizeof_member
    Feature record: CXX_FEATURE:0cxx_static_assert
    Feature record: CXX_FEATURE:0cxx_strong_enums
    Feature record: CXX_FEATURE:1cxx_template_template_parameters
    Feature record: CXX_FEATURE:0cxx_thread_local
    Feature record: CXX_FEATURE:0cxx_trailing_return_types
    Feature record: CXX_FEATURE:0cxx_unicode_literals
    Feature record: CXX_FEATURE:0cxx_uniform_initialization
    Feature record: CXX_FEATURE:0cxx_unrestricted_unions
    Feature record: CXX_FEATURE:0cxx_user_literals
    Feature record: CXX_FEATURE:0cxx_variable_templates
    Feature record: CXX_FEATURE:0cxx_variadic_macros
    Feature record: CXX_FEATURE:0cxx_variadic_templates
Determining if files stdint.h exist passed with the following output:
Change Dir: /home/raymond/elec499/autopot-c++/mysql-connector-cpp-1.1.9/CMakeFiles/CMakeTmp

Run Build Command:"/usr/bin/make" "cmTC_b1254/fast"
/usr/bin/make -f CMakeFiles/cmTC_b1254.dir/build.make CMakeFiles/cmTC_b1254.dir/build
make[1]: Entering directory '/home/raymond/elec499/autopot-c++/mysql-connector-cpp-1.1.9/CMakeFiles/CMakeTmp'
Building C object CMakeFiles/cmTC_b1254.dir/CheckIncludeFiles.c.o
/usr/bin/cc     -o CMakeFiles/cmTC_b1254.dir/CheckIncludeFiles.c.o   -c /home/raymond/elec499/autopot-c++/mysql-connector-cpp-1.1.9/CMakeFiles/CMakeTmp/CheckIncludeFiles.c
Linking C executable cmTC_b1254
/usr/bin/cmake -E cmake_link_script CMakeFiles/cmTC_b1254.dir/link.txt --verbose=1
/usr/bin/cc       CMakeFiles/cmTC_b1254.dir/CheckIncludeFiles.c.o  -o cmTC_b1254 -rdynamic 
make[1]: Leaving directory '/home/raymond/elec499/autopot-c++/mysql-connector-cpp-1.1.9/CMakeFiles/CMakeTmp'


Determining if files inttypes.h exist passed with the following output:
Change Dir: /home/raymond/elec499/autopot-c++/mysql-connector-cpp-1.1.9/CMakeFiles/CMakeTmp

Run Build Command:"/usr/bin/make" "cmTC_0b682/fast"
/usr/bin/make -f CMakeFiles/cmTC_0b682.dir/build.make CMakeFiles/cmTC_0b682.dir/build
make[1]: Entering directory '/home/raymond/elec499/autopot-c++/mysql-connector-cpp-1.1.9/CMakeFiles/CMakeTmp'
Building C object CMakeFiles/cmTC_0b682.dir/CheckIncludeFiles.c.o
/usr/bin/cc     -o CMakeFiles/cmTC_0b682.dir/CheckIncludeFiles.c.o   -c /home/raymond/elec499/autopot-c++/mysql-connector-cpp-1.1.9/CMakeFiles/CMakeTmp/CheckIncludeFiles.c
Linking C executable cmTC_0b682
/usr/bin/cmake -E cmake_link_script CMakeFiles/cmTC_0b682.dir/link.txt --verbose=1
/usr/bin/cc       CMakeFiles/cmTC_0b682.dir/CheckIncludeFiles.c.o  -o cmTC_0b682 -rdynamic 
make[1]: Leaving directory '/home/raymond/elec499/autopot-c++/mysql-connector-cpp-1.1.9/CMakeFiles/CMakeTmp'


Determining if the include file sys/types.h exists passed with the following output:
Change Dir: /home/raymond/elec499/autopot-c++/mysql-connector-cpp-1.1.9/CMakeFiles/CMakeTmp

Run Build Command:"/usr/bin/make" "cmTC_0cd06/fast"
/usr/bin/make -f CMakeFiles/cmTC_0cd06.dir/build.make CMakeFiles/cmTC_0cd06.dir/build
make[1]: Entering directory '/home/raymond/elec499/autopot-c++/mysql-connector-cpp-1.1.9/CMakeFiles/CMakeTmp'
Building C object CMakeFiles/cmTC_0cd06.dir/CheckIncludeFile.c.o
/usr/bin/cc     -o CMakeFiles/cmTC_0cd06.dir/CheckIncludeFile.c.o   -c /home/raymond/elec499/autopot-c++/mysql-connector-cpp-1.1.9/CMakeFiles/CMakeTmp/CheckIncludeFile.c
Linking C executable cmTC_0cd06
/usr/bin/cmake -E cmake_link_script CMakeFiles/cmTC_0cd06.dir/link.txt --verbose=1
/usr/bin/cc       CMakeFiles/cmTC_0cd06.dir/CheckIncludeFile.c.o  -o cmTC_0cd06 -rdynamic 
make[1]: Leaving directory '/home/raymond/elec499/autopot-c++/mysql-connector-cpp-1.1.9/CMakeFiles/CMakeTmp'


Determining if the include file stddef.h exists passed with the following output:
Change Dir: /home/raymond/elec499/autopot-c++/mysql-connector-cpp-1.1.9/CMakeFiles/CMakeTmp

Run Build Command:"/usr/bin/make" "cmTC_1d083/fast"
/usr/bin/make -f CMakeFiles/cmTC_1d083.dir/build.make CMakeFiles/cmTC_1d083.dir/build
make[1]: Entering directory '/home/raymond/elec499/autopot-c++/mysql-connector-cpp-1.1.9/CMakeFiles/CMakeTmp'
Building C object CMakeFiles/cmTC_1d083.dir/CheckIncludeFile.c.o
/usr/bin/cc     -o CMakeFiles/cmTC_1d083.dir/CheckIncludeFile.c.o   -c /home/raymond/elec499/autopot-c++/mysql-connector-cpp-1.1.9/CMakeFiles/CMakeTmp/CheckIncludeFile.c
Linking C executable cmTC_1d083
/usr/bin/cmake -E cmake_link_script CMakeFiles/cmTC_1d083.dir/link.txt --verbose=1
/usr/bin/cc       CMakeFiles/cmTC_1d083.dir/CheckIncludeFile.c.o  -o cmTC_1d083 -rdynamic 
make[1]: Leaving directory '/home/raymond/elec499/autopot-c++/mysql-connector-cpp-1.1.9/CMakeFiles/CMakeTmp'


Determining size of int8_t passed with the following output:
Change Dir: /home/raymond/elec499/autopot-c++/mysql-connector-cpp-1.1.9/CMakeFiles/CMakeTmp

Run Build Command:"/usr/bin/make" "cmTC_22ab4/fast"
/usr/bin/make -f CMakeFiles/cmTC_22ab4.dir/build.make CMakeFiles/cmTC_22ab4.dir/build
make[1]: Entering directory '/home/raymond/elec499/autopot-c++/mysql-connector-cpp-1.1.9/CMakeFiles/CMakeTmp'
Building C object CMakeFiles/cmTC_22ab4.dir/HAVE_INT8_T.c.o
/usr/bin/cc     -o CMakeFiles/cmTC_22ab4.dir/HAVE_INT8_T.c.o   -c /home/raymond/elec499/autopot-c++/mysql-connector-cpp-1.1.9/CMakeFiles/CheckTypeSize/HAVE_INT8_T.c
Linking C executable cmTC_22ab4
/usr/bin/cmake -E cmake_link_script CMakeFiles/cmTC_22ab4.dir/link.txt --verbose=1
/usr/bin/cc       CMakeFiles/cmTC_22ab4.dir/HAVE_INT8_T.c.o  -o cmTC_22ab4 -rdynamic 
make[1]: Leaving directory '/home/raymond/elec499/autopot-c++/mysql-connector-cpp-1.1.9/CMakeFiles/CMakeTmp'


Determining size of uint8_t passed with the following output:
Change Dir: /home/raymond/elec499/autopot-c++/mysql-connector-cpp-1.1.9/CMakeFiles/CMakeTmp

Run Build Command:"/usr/bin/make" "cmTC_9a2b3/fast"
/usr/bin/make -f CMakeFiles/cmTC_9a2b3.dir/build.make CMakeFiles/cmTC_9a2b3.dir/build
make[1]: Entering directory '/home/raymond/elec499/autopot-c++/mysql-connector-cpp-1.1.9/CMakeFiles/CMakeTmp'
Building C object CMakeFiles/cmTC_9a2b3.dir/HAVE_UINT8_T.c.o
/usr/bin/cc     -o CMakeFiles/cmTC_9a2b3.dir/HAVE_UINT8_T.c.o   -c /home/raymond/elec499/autopot-c++/mysql-connector-cpp-1.1.9/CMakeFiles/CheckTypeSize/HAVE_UINT8_T.c
Linking C executable cmTC_9a2b3
/usr/bin/cmake -E cmake_link_script CMakeFiles/cmTC_9a2b3.dir/link.txt --verbose=1
/usr/bin/cc       CMakeFiles/cmTC_9a2b3.dir/HAVE_UINT8_T.c.o  -o cmTC_9a2b3 -rdynamic 
make[1]: Leaving directory '/home/raymond/elec499/autopot-c++/mysql-connector-cpp-1.1.9/CMakeFiles/CMakeTmp'


Determining size of int16_t passed with the following output:
Change Dir: /home/raymond/elec499/autopot-c++/mysql-connector-cpp-1.1.9/CMakeFiles/CMakeTmp

Run Build Command:"/usr/bin/make" "cmTC_c3df1/fast"
/usr/bin/make -f CMakeFiles/cmTC_c3df1.dir/build.make CMakeFiles/cmTC_c3df1.dir/build
make[1]: Entering directory '/home/raymond/elec499/autopot-c++/mysql-connector-cpp-1.1.9/CMakeFiles/CMakeTmp'
Building C object CMakeFiles/cmTC_c3df1.dir/HAVE_INT16_T.c.o
/usr/bin/cc     -o CMakeFiles/cmTC_c3df1.dir/HAVE_INT16_T.c.o   -c /home/raymond/elec499/autopot-c++/mysql-connector-cpp-1.1.9/CMakeFiles/CheckTypeSize/HAVE_INT16_T.c
Linking C executable cmTC_c3df1
/usr/bin/cmake -E cmake_link_script CMakeFiles/cmTC_c3df1.dir/link.txt --verbose=1
/usr/bin/cc       CMakeFiles/cmTC_c3df1.dir/HAVE_INT16_T.c.o  -o cmTC_c3df1 -rdynamic 
make[1]: Leaving directory '/home/raymond/elec499/autopot-c++/mysql-connector-cpp-1.1.9/CMakeFiles/CMakeTmp'


Determining size of uint16_t passed with the following output:
Change Dir: /home/raymond/elec499/autopot-c++/mysql-connector-cpp-1.1.9/CMakeFiles/CMakeTmp

Run Build Command:"/usr/bin/make" "cmTC_ee210/fast"
/usr/bin/make -f CMakeFiles/cmTC_ee210.dir/build.make CMakeFiles/cmTC_ee210.dir/build
make[1]: Entering directory '/home/raymond/elec499/autopot-c++/mysql-connector-cpp-1.1.9/CMakeFiles/CMakeTmp'
Building C object CMakeFiles/cmTC_ee210.dir/HAVE_UINT16_T.c.o
/usr/bin/cc     -o CMakeFiles/cmTC_ee210.dir/HAVE_UINT16_T.c.o   -c /home/raymond/elec499/autopot-c++/mysql-connector-cpp-1.1.9/CMakeFiles/CheckTypeSize/HAVE_UINT16_T.c
Linking C executable cmTC_ee210
/usr/bin/cmake -E cmake_link_script CMakeFiles/cmTC_ee210.dir/link.txt --verbose=1
/usr/bin/cc       CMakeFiles/cmTC_ee210.dir/HAVE_UINT16_T.c.o  -o cmTC_ee210 -rdynamic 
make[1]: Leaving directory '/home/raymond/elec499/autopot-c++/mysql-connector-cpp-1.1.9/CMakeFiles/CMakeTmp'


Determining size of int32_t passed with the following output:
Change Dir: /home/raymond/elec499/autopot-c++/mysql-connector-cpp-1.1.9/CMakeFiles/CMakeTmp

Run Build Command:"/usr/bin/make" "cmTC_c698a/fast"
/usr/bin/make -f CMakeFiles/cmTC_c698a.dir/build.make CMakeFiles/cmTC_c698a.dir/build
make[1]: Entering directory '/home/raymond/elec499/autopot-c++/mysql-connector-cpp-1.1.9/CMakeFiles/CMakeTmp'
Building C object CMakeFiles/cmTC_c698a.dir/HAVE_INT32_T.c.o
/usr/bin/cc     -o CMakeFiles/cmTC_c698a.dir/HAVE_INT32_T.c.o   -c /home/raymond/elec499/autopot-c++/mysql-connector-cpp-1.1.9/CMakeFiles/CheckTypeSize/HAVE_INT32_T.c
Linking C executable cmTC_c698a
/usr/bin/cmake -E cmake_link_script CMakeFiles/cmTC_c698a.dir/link.txt --verbose=1
/usr/bin/cc       CMakeFiles/cmTC_c698a.dir/HAVE_INT32_T.c.o  -o cmTC_c698a -rdynamic 
make[1]: Leaving directory '/home/raymond/elec499/autopot-c++/mysql-connector-cpp-1.1.9/CMakeFiles/CMakeTmp'


Determining size of uint32_t passed with the following output:
Change Dir: /home/raymond/elec499/autopot-c++/mysql-connector-cpp-1.1.9/CMakeFiles/CMakeTmp

Run Build Command:"/usr/bin/make" "cmTC_ce251/fast"
/usr/bin/make -f CMakeFiles/cmTC_ce251.dir/build.make CMakeFiles/cmTC_ce251.dir/build
make[1]: Entering directory '/home/raymond/elec499/autopot-c++/mysql-connector-cpp-1.1.9/CMakeFiles/CMakeTmp'
Building C object CMakeFiles/cmTC_ce251.dir/HAVE_UINT32_T.c.o
/usr/bin/cc     -o CMakeFiles/cmTC_ce251.dir/HAVE_UINT32_T.c.o   -c /home/raymond/elec499/autopot-c++/mysql-connector-cpp-1.1.9/CMakeFiles/CheckTypeSize/HAVE_UINT32_T.c
Linking C executable cmTC_ce251
/usr/bin/cmake -E cmake_link_script CMakeFiles/cmTC_ce251.dir/link.txt --verbose=1
/usr/bin/cc       CMakeFiles/cmTC_ce251.dir/HAVE_UINT32_T.c.o  -o cmTC_ce251 -rdynamic 
make[1]: Leaving directory '/home/raymond/elec499/autopot-c++/mysql-connector-cpp-1.1.9/CMakeFiles/CMakeTmp'


Determining size of int64_t passed with the following output:
Change Dir: /home/raymond/elec499/autopot-c++/mysql-connector-cpp-1.1.9/CMakeFiles/CMakeTmp

Run Build Command:"/usr/bin/make" "cmTC_1772f/fast"
/usr/bin/make -f CMakeFiles/cmTC_1772f.dir/build.make CMakeFiles/cmTC_1772f.dir/build
make[1]: Entering directory '/home/raymond/elec499/autopot-c++/mysql-connector-cpp-1.1.9/CMakeFiles/CMakeTmp'
Building C object CMakeFiles/cmTC_1772f.dir/HAVE_INT64_T.c.o
/usr/bin/cc     -o CMakeFiles/cmTC_1772f.dir/HAVE_INT64_T.c.o   -c /home/raymond/elec499/autopot-c++/mysql-connector-cpp-1.1.9/CMakeFiles/CheckTypeSize/HAVE_INT64_T.c
Linking C executable cmTC_1772f
/usr/bin/cmake -E cmake_link_script CMakeFiles/cmTC_1772f.dir/link.txt --verbose=1
/usr/bin/cc       CMakeFiles/cmTC_1772f.dir/HAVE_INT64_T.c.o  -o cmTC_1772f -rdynamic 
make[1]: Leaving directory '/home/raymond/elec499/autopot-c++/mysql-connector-cpp-1.1.9/CMakeFiles/CMakeTmp'


Determining size of uint64_t passed with the following output:
Change Dir: /home/raymond/elec499/autopot-c++/mysql-connector-cpp-1.1.9/CMakeFiles/CMakeTmp

Run Build Command:"/usr/bin/make" "cmTC_2ccc6/fast"
/usr/bin/make -f CMakeFiles/cmTC_2ccc6.dir/build.make CMakeFiles/cmTC_2ccc6.dir/build
make[1]: Entering directory '/home/raymond/elec499/autopot-c++/mysql-connector-cpp-1.1.9/CMakeFiles/CMakeTmp'
Building C object CMakeFiles/cmTC_2ccc6.dir/HAVE_UINT64_T.c.o
/usr/bin/cc     -o CMakeFiles/cmTC_2ccc6.dir/HAVE_UINT64_T.c.o   -c /home/raymond/elec499/autopot-c++/mysql-connector-cpp-1.1.9/CMakeFiles/CheckTypeSize/HAVE_UINT64_T.c
Linking C executable cmTC_2ccc6
/usr/bin/cmake -E cmake_link_script CMakeFiles/cmTC_2ccc6.dir/link.txt --verbose=1
/usr/bin/cc       CMakeFiles/cmTC_2ccc6.dir/HAVE_UINT64_T.c.o  -o cmTC_2ccc6 -rdynamic 
make[1]: Leaving directory '/home/raymond/elec499/autopot-c++/mysql-connector-cpp-1.1.9/CMakeFiles/CMakeTmp'


Determining if the function strtold exists passed with the following output:
Change Dir: /home/raymond/elec499/autopot-c++/mysql-connector-cpp-1.1.9/CMakeFiles/CMakeTmp

Run Build Command:"/usr/bin/make" "cmTC_195c7/fast"
/usr/bin/make -f CMakeFiles/cmTC_195c7.dir/build.make CMakeFiles/cmTC_195c7.dir/build
make[1]: Entering directory '/home/raymond/elec499/autopot-c++/mysql-connector-cpp-1.1.9/CMakeFiles/CMakeTmp'
Building C object CMakeFiles/cmTC_195c7.dir/CheckFunctionExists.c.o
/usr/bin/cc    -DCHECK_FUNCTION_EXISTS=strtold   -o CMakeFiles/cmTC_195c7.dir/CheckFunctionExists.c.o   -c /usr/share/cmake-3.5/Modules/CheckFunctionExists.c
Linking C executable cmTC_195c7
/usr/bin/cmake -E cmake_link_script CMakeFiles/cmTC_195c7.dir/link.txt --verbose=1
/usr/bin/cc   -DCHECK_FUNCTION_EXISTS=strtold    CMakeFiles/cmTC_195c7.dir/CheckFunctionExists.c.o  -o cmTC_195c7 -rdynamic 
make[1]: Leaving directory '/home/raymond/elec499/autopot-c++/mysql-connector-cpp-1.1.9/CMakeFiles/CMakeTmp'


Determining if the function strtol exists passed with the following output:
Change Dir: /home/raymond/elec499/autopot-c++/mysql-connector-cpp-1.1.9/CMakeFiles/CMakeTmp

Run Build Command:"/usr/bin/make" "cmTC_da1db/fast"
/usr/bin/make -f CMakeFiles/cmTC_da1db.dir/build.make CMakeFiles/cmTC_da1db.dir/build
make[1]: Entering directory '/home/raymond/elec499/autopot-c++/mysql-connector-cpp-1.1.9/CMakeFiles/CMakeTmp'
Building C object CMakeFiles/cmTC_da1db.dir/CheckFunctionExists.c.o
/usr/bin/cc    -DCHECK_FUNCTION_EXISTS=strtol   -o CMakeFiles/cmTC_da1db.dir/CheckFunctionExists.c.o   -c /usr/share/cmake-3.5/Modules/CheckFunctionExists.c
Linking C executable cmTC_da1db
/usr/bin/cmake -E cmake_link_script CMakeFiles/cmTC_da1db.dir/link.txt --verbose=1
/usr/bin/cc   -DCHECK_FUNCTION_EXISTS=strtol    CMakeFiles/cmTC_da1db.dir/CheckFunctionExists.c.o  -o cmTC_da1db -rdynamic 
make[1]: Leaving directory '/home/raymond/elec499/autopot-c++/mysql-connector-cpp-1.1.9/CMakeFiles/CMakeTmp'


Determining if the function strtoll exists passed with the following output:
Change Dir: /home/raymond/elec499/autopot-c++/mysql-connector-cpp-1.1.9/CMakeFiles/CMakeTmp

Run Build Command:"/usr/bin/make" "cmTC_68545/fast"
/usr/bin/make -f CMakeFiles/cmTC_68545.dir/build.make CMakeFiles/cmTC_68545.dir/build
make[1]: Entering directory '/home/raymond/elec499/autopot-c++/mysql-connector-cpp-1.1.9/CMakeFiles/CMakeTmp'
Building C object CMakeFiles/cmTC_68545.dir/CheckFunctionExists.c.o
/usr/bin/cc    -DCHECK_FUNCTION_EXISTS=strtoll   -o CMakeFiles/cmTC_68545.dir/CheckFunctionExists.c.o   -c /usr/share/cmake-3.5/Modules/CheckFunctionExists.c
Linking C executable cmTC_68545
/usr/bin/cmake -E cmake_link_script CMakeFiles/cmTC_68545.dir/link.txt --verbose=1
/usr/bin/cc   -DCHECK_FUNCTION_EXISTS=strtoll    CMakeFiles/cmTC_68545.dir/CheckFunctionExists.c.o  -o cmTC_68545 -rdynamic 
make[1]: Leaving directory '/home/raymond/elec499/autopot-c++/mysql-connector-cpp-1.1.9/CMakeFiles/CMakeTmp'


Determining if the function strtoul exists passed with the following output:
Change Dir: /home/raymond/elec499/autopot-c++/mysql-connector-cpp-1.1.9/CMakeFiles/CMakeTmp

Run Build Command:"/usr/bin/make" "cmTC_585d5/fast"
/usr/bin/make -f CMakeFiles/cmTC_585d5.dir/build.make CMakeFiles/cmTC_585d5.dir/build
make[1]: Entering directory '/home/raymond/elec499/autopot-c++/mysql-connector-cpp-1.1.9/CMakeFiles/CMakeTmp'
Building C object CMakeFiles/cmTC_585d5.dir/CheckFunctionExists.c.o
/usr/bin/cc    -DCHECK_FUNCTION_EXISTS=strtoul   -o CMakeFiles/cmTC_585d5.dir/CheckFunctionExists.c.o   -c /usr/share/cmake-3.5/Modules/CheckFunctionExists.c
Linking C executable cmTC_585d5
/usr/bin/cmake -E cmake_link_script CMakeFiles/cmTC_585d5.dir/link.txt --verbose=1
/usr/bin/cc   -DCHECK_FUNCTION_EXISTS=strtoul    CMakeFiles/cmTC_585d5.dir/CheckFunctionExists.c.o  -o cmTC_585d5 -rdynamic 
make[1]: Leaving directory '/home/raymond/elec499/autopot-c++/mysql-connector-cpp-1.1.9/CMakeFiles/CMakeTmp'


Determining if the function strtoull exists passed with the following output:
Change Dir: /home/raymond/elec499/autopot-c++/mysql-connector-cpp-1.1.9/CMakeFiles/CMakeTmp

Run Build Command:"/usr/bin/make" "cmTC_65168/fast"
/usr/bin/make -f CMakeFiles/cmTC_65168.dir/build.make CMakeFiles/cmTC_65168.dir/build
make[1]: Entering directory '/home/raymond/elec499/autopot-c++/mysql-connector-cpp-1.1.9/CMakeFiles/CMakeTmp'
Building C object CMakeFiles/cmTC_65168.dir/CheckFunctionExists.c.o
/usr/bin/cc    -DCHECK_FUNCTION_EXISTS=strtoull   -o CMakeFiles/cmTC_65168.dir/CheckFunctionExists.c.o   -c /usr/share/cmake-3.5/Modules/CheckFunctionExists.c
Linking C executable cmTC_65168
/usr/bin/cmake -E cmake_link_script CMakeFiles/cmTC_65168.dir/link.txt --verbose=1
/usr/bin/cc   -DCHECK_FUNCTION_EXISTS=strtoull    CMakeFiles/cmTC_65168.dir/CheckFunctionExists.c.o  -o cmTC_65168 -rdynamic 
make[1]: Leaving directory '/home/raymond/elec499/autopot-c++/mysql-connector-cpp-1.1.9/CMakeFiles/CMakeTmp'


Determining if the function strtoimax exists passed with the following output:
Change Dir: /home/raymond/elec499/autopot-c++/mysql-connector-cpp-1.1.9/CMakeFiles/CMakeTmp

Run Build Command:"/usr/bin/make" "cmTC_49445/fast"
/usr/bin/make -f CMakeFiles/cmTC_49445.dir/build.make CMakeFiles/cmTC_49445.dir/build
make[1]: Entering directory '/home/raymond/elec499/autopot-c++/mysql-connector-cpp-1.1.9/CMakeFiles/CMakeTmp'
Building C object CMakeFiles/cmTC_49445.dir/CheckFunctionExists.c.o
/usr/bin/cc    -DCHECK_FUNCTION_EXISTS=strtoimax   -o CMakeFiles/cmTC_49445.dir/CheckFunctionExists.c.o   -c /usr/share/cmake-3.5/Modules/CheckFunctionExists.c
Linking C executable cmTC_49445
/usr/bin/cmake -E cmake_link_script CMakeFiles/cmTC_49445.dir/link.txt --verbose=1
/usr/bin/cc   -DCHECK_FUNCTION_EXISTS=strtoimax    CMakeFiles/cmTC_49445.dir/CheckFunctionExists.c.o  -o cmTC_49445 -rdynamic 
make[1]: Leaving directory '/home/raymond/elec499/autopot-c++/mysql-connector-cpp-1.1.9/CMakeFiles/CMakeTmp'


Determining if the function strtoumax exists passed with the following output:
Change Dir: /home/raymond/elec499/autopot-c++/mysql-connector-cpp-1.1.9/CMakeFiles/CMakeTmp

Run Build Command:"/usr/bin/make" "cmTC_71f45/fast"
/usr/bin/make -f CMakeFiles/cmTC_71f45.dir/build.make CMakeFiles/cmTC_71f45.dir/build
make[1]: Entering directory '/home/raymond/elec499/autopot-c++/mysql-connector-cpp-1.1.9/CMakeFiles/CMakeTmp'
Building C object CMakeFiles/cmTC_71f45.dir/CheckFunctionExists.c.o
/usr/bin/cc    -DCHECK_FUNCTION_EXISTS=strtoumax   -o CMakeFiles/cmTC_71f45.dir/CheckFunctionExists.c.o   -c /usr/share/cmake-3.5/Modules/CheckFunctionExists.c
Linking C executable cmTC_71f45
/usr/bin/cmake -E cmake_link_script CMakeFiles/cmTC_71f45.dir/link.txt --verbose=1
/usr/bin/cc   -DCHECK_FUNCTION_EXISTS=strtoumax    CMakeFiles/cmTC_71f45.dir/CheckFunctionExists.c.o  -o cmTC_71f45 -rdynamic 
make[1]: Leaving directory '/home/raymond/elec499/autopot-c++/mysql-connector-cpp-1.1.9/CMakeFiles/CMakeTmp'


