Determining size of __int8 failed with the following output:
Change Dir: /home/raymond/elec499/autopot-c++/mysql-connector-cpp-1.1.9/CMakeFiles/CMakeTmp

Run Build Command:"/usr/bin/make" "cmTC_46ccc/fast"
/usr/bin/make -f CMakeFiles/cmTC_46ccc.dir/build.make CMakeFiles/cmTC_46ccc.dir/build
make[1]: Entering directory '/home/raymond/elec499/autopot-c++/mysql-connector-cpp-1.1.9/CMakeFiles/CMakeTmp'
Building C object CMakeFiles/cmTC_46ccc.dir/HAVE_MS_INT8.c.o
/usr/bin/cc     -o CMakeFiles/cmTC_46ccc.dir/HAVE_MS_INT8.c.o   -c /home/raymond/elec499/autopot-c++/mysql-connector-cpp-1.1.9/CMakeFiles/CheckTypeSize/HAVE_MS_INT8.c
/home/raymond/elec499/autopot-c++/mysql-connector-cpp-1.1.9/CMakeFiles/CheckTypeSize/HAVE_MS_INT8.c:17:22: error: ‘__int8’ undeclared here (not in a function)
 #define SIZE (sizeof(__int8))
                      ^
/home/raymond/elec499/autopot-c++/mysql-connector-cpp-1.1.9/CMakeFiles/CheckTypeSize/HAVE_MS_INT8.c:19:12: note: in expansion of macro ‘SIZE’
   ('0' + ((SIZE / 10000)%10)),
            ^
CMakeFiles/cmTC_46ccc.dir/build.make:65: recipe for target 'CMakeFiles/cmTC_46ccc.dir/HAVE_MS_INT8.c.o' failed
make[1]: *** [CMakeFiles/cmTC_46ccc.dir/HAVE_MS_INT8.c.o] Error 1
make[1]: Leaving directory '/home/raymond/elec499/autopot-c++/mysql-connector-cpp-1.1.9/CMakeFiles/CMakeTmp'
Makefile:126: recipe for target 'cmTC_46ccc/fast' failed
make: *** [cmTC_46ccc/fast] Error 2

/home/raymond/elec499/autopot-c++/mysql-connector-cpp-1.1.9/CMakeFiles/CheckTypeSize/HAVE_MS_INT8.c:
#include <sys/types.h>
#include <stdint.h>
#include <stddef.h>


#undef KEY
#if defined(__i386)
# define KEY '_','_','i','3','8','6'
#elif defined(__x86_64)
# define KEY '_','_','x','8','6','_','6','4'
#elif defined(__ppc__)
# define KEY '_','_','p','p','c','_','_'
#elif defined(__ppc64__)
# define KEY '_','_','p','p','c','6','4','_','_'
#endif

#define SIZE (sizeof(__int8))
char info_size[] =  {'I', 'N', 'F', 'O', ':', 's','i','z','e','[',
  ('0' + ((SIZE / 10000)%10)),
  ('0' + ((SIZE / 1000)%10)),
  ('0' + ((SIZE / 100)%10)),
  ('0' + ((SIZE / 10)%10)),
  ('0' +  (SIZE    % 10)),
  ']',
#ifdef KEY
  ' ','k','e','y','[', KEY, ']',
#endif
  '\0'};

#ifdef __CLASSIC_C__
int main(argc, argv) int argc; char *argv[];
#else
int main(int argc, char *argv[])
#endif
{
  int require = 0;
  require += info_size[argc];
  (void)argv;
  return require;
}


Determining size of unsigned __int8 failed with the following output:
Change Dir: /home/raymond/elec499/autopot-c++/mysql-connector-cpp-1.1.9/CMakeFiles/CMakeTmp

Run Build Command:"/usr/bin/make" "cmTC_37cdc/fast"
/usr/bin/make -f CMakeFiles/cmTC_37cdc.dir/build.make CMakeFiles/cmTC_37cdc.dir/build
make[1]: Entering directory '/home/raymond/elec499/autopot-c++/mysql-connector-cpp-1.1.9/CMakeFiles/CMakeTmp'
Building C object CMakeFiles/cmTC_37cdc.dir/HAVE_MS_UINT8.c.o
/usr/bin/cc     -o CMakeFiles/cmTC_37cdc.dir/HAVE_MS_UINT8.c.o   -c /home/raymond/elec499/autopot-c++/mysql-connector-cpp-1.1.9/CMakeFiles/CheckTypeSize/HAVE_MS_UINT8.c
/home/raymond/elec499/autopot-c++/mysql-connector-cpp-1.1.9/CMakeFiles/CheckTypeSize/HAVE_MS_UINT8.c:17:31: error: expected ‘)’ before ‘__int8’
 #define SIZE (sizeof(unsigned __int8))
                               ^
/home/raymond/elec499/autopot-c++/mysql-connector-cpp-1.1.9/CMakeFiles/CheckTypeSize/HAVE_MS_UINT8.c:19:12: note: in expansion of macro ‘SIZE’
   ('0' + ((SIZE / 10000)%10)),
            ^
/home/raymond/elec499/autopot-c++/mysql-connector-cpp-1.1.9/CMakeFiles/CheckTypeSize/HAVE_MS_UINT8.c:17:31: error: expected ‘)’ before ‘__int8’
 #define SIZE (sizeof(unsigned __int8))
                               ^
/home/raymond/elec499/autopot-c++/mysql-connector-cpp-1.1.9/CMakeFiles/CheckTypeSize/HAVE_MS_UINT8.c:20:12: note: in expansion of macro ‘SIZE’
   ('0' + ((SIZE / 1000)%10)),
            ^
/home/raymond/elec499/autopot-c++/mysql-connector-cpp-1.1.9/CMakeFiles/CheckTypeSize/HAVE_MS_UINT8.c:17:31: error: expected ‘)’ before ‘__int8’
 #define SIZE (sizeof(unsigned __int8))
                               ^
/home/raymond/elec499/autopot-c++/mysql-connector-cpp-1.1.9/CMakeFiles/CheckTypeSize/HAVE_MS_UINT8.c:21:12: note: in expansion of macro ‘SIZE’
   ('0' + ((SIZE / 100)%10)),
            ^
/home/raymond/elec499/autopot-c++/mysql-connector-cpp-1.1.9/CMakeFiles/CheckTypeSize/HAVE_MS_UINT8.c:17:31: error: expected ‘)’ before ‘__int8’
 #define SIZE (sizeof(unsigned __int8))
                               ^
/home/raymond/elec499/autopot-c++/mysql-connector-cpp-1.1.9/CMakeFiles/CheckTypeSize/HAVE_MS_UINT8.c:22:12: note: in expansion of macro ‘SIZE’
   ('0' + ((SIZE / 10)%10)),
            ^
/home/raymond/elec499/autopot-c++/mysql-connector-cpp-1.1.9/CMakeFiles/CheckTypeSize/HAVE_MS_UINT8.c:17:31: error: expected ‘)’ before ‘__int8’
 #define SIZE (sizeof(unsigned __int8))
                               ^
/home/raymond/elec499/autopot-c++/mysql-connector-cpp-1.1.9/CMakeFiles/CheckTypeSize/HAVE_MS_UINT8.c:23:12: note: in expansion of macro ‘SIZE’
   ('0' +  (SIZE    % 10)),
            ^
CMakeFiles/cmTC_37cdc.dir/build.make:65: recipe for target 'CMakeFiles/cmTC_37cdc.dir/HAVE_MS_UINT8.c.o' failed
make[1]: *** [CMakeFiles/cmTC_37cdc.dir/HAVE_MS_UINT8.c.o] Error 1
make[1]: Leaving directory '/home/raymond/elec499/autopot-c++/mysql-connector-cpp-1.1.9/CMakeFiles/CMakeTmp'
Makefile:126: recipe for target 'cmTC_37cdc/fast' failed
make: *** [cmTC_37cdc/fast] Error 2

/home/raymond/elec499/autopot-c++/mysql-connector-cpp-1.1.9/CMakeFiles/CheckTypeSize/HAVE_MS_UINT8.c:
#include <sys/types.h>
#include <stdint.h>
#include <stddef.h>


#undef KEY
#if defined(__i386)
# define KEY '_','_','i','3','8','6'
#elif defined(__x86_64)
# define KEY '_','_','x','8','6','_','6','4'
#elif defined(__ppc__)
# define KEY '_','_','p','p','c','_','_'
#elif defined(__ppc64__)
# define KEY '_','_','p','p','c','6','4','_','_'
#endif

#define SIZE (sizeof(unsigned __int8))
char info_size[] =  {'I', 'N', 'F', 'O', ':', 's','i','z','e','[',
  ('0' + ((SIZE / 10000)%10)),
  ('0' + ((SIZE / 1000)%10)),
  ('0' + ((SIZE / 100)%10)),
  ('0' + ((SIZE / 10)%10)),
  ('0' +  (SIZE    % 10)),
  ']',
#ifdef KEY
  ' ','k','e','y','[', KEY, ']',
#endif
  '\0'};

#ifdef __CLASSIC_C__
int main(argc, argv) int argc; char *argv[];
#else
int main(int argc, char *argv[])
#endif
{
  int require = 0;
  require += info_size[argc];
  (void)argv;
  return require;
}


Determining size of __int16 failed with the following output:
Change Dir: /home/raymond/elec499/autopot-c++/mysql-connector-cpp-1.1.9/CMakeFiles/CMakeTmp

Run Build Command:"/usr/bin/make" "cmTC_51b9e/fast"
/usr/bin/make -f CMakeFiles/cmTC_51b9e.dir/build.make CMakeFiles/cmTC_51b9e.dir/build
make[1]: Entering directory '/home/raymond/elec499/autopot-c++/mysql-connector-cpp-1.1.9/CMakeFiles/CMakeTmp'
Building C object CMakeFiles/cmTC_51b9e.dir/HAVE_MS_INT16.c.o
/usr/bin/cc     -o CMakeFiles/cmTC_51b9e.dir/HAVE_MS_INT16.c.o   -c /home/raymond/elec499/autopot-c++/mysql-connector-cpp-1.1.9/CMakeFiles/CheckTypeSize/HAVE_MS_INT16.c
/home/raymond/elec499/autopot-c++/mysql-connector-cpp-1.1.9/CMakeFiles/CheckTypeSize/HAVE_MS_INT16.c:17:22: error: ‘__int16’ undeclared here (not in a function)
 #define SIZE (sizeof(__int16))
                      ^
/home/raymond/elec499/autopot-c++/mysql-connector-cpp-1.1.9/CMakeFiles/CheckTypeSize/HAVE_MS_INT16.c:19:12: note: in expansion of macro ‘SIZE’
   ('0' + ((SIZE / 10000)%10)),
            ^
CMakeFiles/cmTC_51b9e.dir/build.make:65: recipe for target 'CMakeFiles/cmTC_51b9e.dir/HAVE_MS_INT16.c.o' failed
make[1]: *** [CMakeFiles/cmTC_51b9e.dir/HAVE_MS_INT16.c.o] Error 1
make[1]: Leaving directory '/home/raymond/elec499/autopot-c++/mysql-connector-cpp-1.1.9/CMakeFiles/CMakeTmp'
Makefile:126: recipe for target 'cmTC_51b9e/fast' failed
make: *** [cmTC_51b9e/fast] Error 2

/home/raymond/elec499/autopot-c++/mysql-connector-cpp-1.1.9/CMakeFiles/CheckTypeSize/HAVE_MS_INT16.c:
#include <sys/types.h>
#include <stdint.h>
#include <stddef.h>


#undef KEY
#if defined(__i386)
# define KEY '_','_','i','3','8','6'
#elif defined(__x86_64)
# define KEY '_','_','x','8','6','_','6','4'
#elif defined(__ppc__)
# define KEY '_','_','p','p','c','_','_'
#elif defined(__ppc64__)
# define KEY '_','_','p','p','c','6','4','_','_'
#endif

#define SIZE (sizeof(__int16))
char info_size[] =  {'I', 'N', 'F', 'O', ':', 's','i','z','e','[',
  ('0' + ((SIZE / 10000)%10)),
  ('0' + ((SIZE / 1000)%10)),
  ('0' + ((SIZE / 100)%10)),
  ('0' + ((SIZE / 10)%10)),
  ('0' +  (SIZE    % 10)),
  ']',
#ifdef KEY
  ' ','k','e','y','[', KEY, ']',
#endif
  '\0'};

#ifdef __CLASSIC_C__
int main(argc, argv) int argc; char *argv[];
#else
int main(int argc, char *argv[])
#endif
{
  int require = 0;
  require += info_size[argc];
  (void)argv;
  return require;
}


Determining size of unsigned __int16 failed with the following output:
Change Dir: /home/raymond/elec499/autopot-c++/mysql-connector-cpp-1.1.9/CMakeFiles/CMakeTmp

Run Build Command:"/usr/bin/make" "cmTC_4b457/fast"
/usr/bin/make -f CMakeFiles/cmTC_4b457.dir/build.make CMakeFiles/cmTC_4b457.dir/build
make[1]: Entering directory '/home/raymond/elec499/autopot-c++/mysql-connector-cpp-1.1.9/CMakeFiles/CMakeTmp'
Building C object CMakeFiles/cmTC_4b457.dir/HAVE_MS_UINT16.c.o
/usr/bin/cc     -o CMakeFiles/cmTC_4b457.dir/HAVE_MS_UINT16.c.o   -c /home/raymond/elec499/autopot-c++/mysql-connector-cpp-1.1.9/CMakeFiles/CheckTypeSize/HAVE_MS_UINT16.c
/home/raymond/elec499/autopot-c++/mysql-connector-cpp-1.1.9/CMakeFiles/CheckTypeSize/HAVE_MS_UINT16.c:17:31: error: expected ‘)’ before ‘__int16’
 #define SIZE (sizeof(unsigned __int16))
                               ^
/home/raymond/elec499/autopot-c++/mysql-connector-cpp-1.1.9/CMakeFiles/CheckTypeSize/HAVE_MS_UINT16.c:19:12: note: in expansion of macro ‘SIZE’
   ('0' + ((SIZE / 10000)%10)),
            ^
/home/raymond/elec499/autopot-c++/mysql-connector-cpp-1.1.9/CMakeFiles/CheckTypeSize/HAVE_MS_UINT16.c:17:31: error: expected ‘)’ before ‘__int16’
 #define SIZE (sizeof(unsigned __int16))
                               ^
/home/raymond/elec499/autopot-c++/mysql-connector-cpp-1.1.9/CMakeFiles/CheckTypeSize/HAVE_MS_UINT16.c:20:12: note: in expansion of macro ‘SIZE’
   ('0' + ((SIZE / 1000)%10)),
            ^
/home/raymond/elec499/autopot-c++/mysql-connector-cpp-1.1.9/CMakeFiles/CheckTypeSize/HAVE_MS_UINT16.c:17:31: error: expected ‘)’ before ‘__int16’
 #define SIZE (sizeof(unsigned __int16))
                               ^
/home/raymond/elec499/autopot-c++/mysql-connector-cpp-1.1.9/CMakeFiles/CheckTypeSize/HAVE_MS_UINT16.c:21:12: note: in expansion of macro ‘SIZE’
   ('0' + ((SIZE / 100)%10)),
            ^
/home/raymond/elec499/autopot-c++/mysql-connector-cpp-1.1.9/CMakeFiles/CheckTypeSize/HAVE_MS_UINT16.c:17:31: error: expected ‘)’ before ‘__int16’
 #define SIZE (sizeof(unsigned __int16))
                               ^
/home/raymond/elec499/autopot-c++/mysql-connector-cpp-1.1.9/CMakeFiles/CheckTypeSize/HAVE_MS_UINT16.c:22:12: note: in expansion of macro ‘SIZE’
   ('0' + ((SIZE / 10)%10)),
            ^
/home/raymond/elec499/autopot-c++/mysql-connector-cpp-1.1.9/CMakeFiles/CheckTypeSize/HAVE_MS_UINT16.c:17:31: error: expected ‘)’ before ‘__int16’
 #define SIZE (sizeof(unsigned __int16))
                               ^
/home/raymond/elec499/autopot-c++/mysql-connector-cpp-1.1.9/CMakeFiles/CheckTypeSize/HAVE_MS_UINT16.c:23:12: note: in expansion of macro ‘SIZE’
   ('0' +  (SIZE    % 10)),
            ^
CMakeFiles/cmTC_4b457.dir/build.make:65: recipe for target 'CMakeFiles/cmTC_4b457.dir/HAVE_MS_UINT16.c.o' failed
make[1]: *** [CMakeFiles/cmTC_4b457.dir/HAVE_MS_UINT16.c.o] Error 1
make[1]: Leaving directory '/home/raymond/elec499/autopot-c++/mysql-connector-cpp-1.1.9/CMakeFiles/CMakeTmp'
Makefile:126: recipe for target 'cmTC_4b457/fast' failed
make: *** [cmTC_4b457/fast] Error 2

/home/raymond/elec499/autopot-c++/mysql-connector-cpp-1.1.9/CMakeFiles/CheckTypeSize/HAVE_MS_UINT16.c:
#include <sys/types.h>
#include <stdint.h>
#include <stddef.h>


#undef KEY
#if defined(__i386)
# define KEY '_','_','i','3','8','6'
#elif defined(__x86_64)
# define KEY '_','_','x','8','6','_','6','4'
#elif defined(__ppc__)
# define KEY '_','_','p','p','c','_','_'
#elif defined(__ppc64__)
# define KEY '_','_','p','p','c','6','4','_','_'
#endif

#define SIZE (sizeof(unsigned __int16))
char info_size[] =  {'I', 'N', 'F', 'O', ':', 's','i','z','e','[',
  ('0' + ((SIZE / 10000)%10)),
  ('0' + ((SIZE / 1000)%10)),
  ('0' + ((SIZE / 100)%10)),
  ('0' + ((SIZE / 10)%10)),
  ('0' +  (SIZE    % 10)),
  ']',
#ifdef KEY
  ' ','k','e','y','[', KEY, ']',
#endif
  '\0'};

#ifdef __CLASSIC_C__
int main(argc, argv) int argc; char *argv[];
#else
int main(int argc, char *argv[])
#endif
{
  int require = 0;
  require += info_size[argc];
  (void)argv;
  return require;
}


Determining size of __int32 failed with the following output:
Change Dir: /home/raymond/elec499/autopot-c++/mysql-connector-cpp-1.1.9/CMakeFiles/CMakeTmp

Run Build Command:"/usr/bin/make" "cmTC_298bc/fast"
/usr/bin/make -f CMakeFiles/cmTC_298bc.dir/build.make CMakeFiles/cmTC_298bc.dir/build
make[1]: Entering directory '/home/raymond/elec499/autopot-c++/mysql-connector-cpp-1.1.9/CMakeFiles/CMakeTmp'
Building C object CMakeFiles/cmTC_298bc.dir/HAVE_MS_INT32.c.o
/usr/bin/cc     -o CMakeFiles/cmTC_298bc.dir/HAVE_MS_INT32.c.o   -c /home/raymond/elec499/autopot-c++/mysql-connector-cpp-1.1.9/CMakeFiles/CheckTypeSize/HAVE_MS_INT32.c
/home/raymond/elec499/autopot-c++/mysql-connector-cpp-1.1.9/CMakeFiles/CheckTypeSize/HAVE_MS_INT32.c:17:22: error: ‘__int32’ undeclared here (not in a function)
 #define SIZE (sizeof(__int32))
                      ^
/home/raymond/elec499/autopot-c++/mysql-connector-cpp-1.1.9/CMakeFiles/CheckTypeSize/HAVE_MS_INT32.c:19:12: note: in expansion of macro ‘SIZE’
   ('0' + ((SIZE / 10000)%10)),
            ^
CMakeFiles/cmTC_298bc.dir/build.make:65: recipe for target 'CMakeFiles/cmTC_298bc.dir/HAVE_MS_INT32.c.o' failed
make[1]: *** [CMakeFiles/cmTC_298bc.dir/HAVE_MS_INT32.c.o] Error 1
make[1]: Leaving directory '/home/raymond/elec499/autopot-c++/mysql-connector-cpp-1.1.9/CMakeFiles/CMakeTmp'
Makefile:126: recipe for target 'cmTC_298bc/fast' failed
make: *** [cmTC_298bc/fast] Error 2

/home/raymond/elec499/autopot-c++/mysql-connector-cpp-1.1.9/CMakeFiles/CheckTypeSize/HAVE_MS_INT32.c:
#include <sys/types.h>
#include <stdint.h>
#include <stddef.h>


#undef KEY
#if defined(__i386)
# define KEY '_','_','i','3','8','6'
#elif defined(__x86_64)
# define KEY '_','_','x','8','6','_','6','4'
#elif defined(__ppc__)
# define KEY '_','_','p','p','c','_','_'
#elif defined(__ppc64__)
# define KEY '_','_','p','p','c','6','4','_','_'
#endif

#define SIZE (sizeof(__int32))
char info_size[] =  {'I', 'N', 'F', 'O', ':', 's','i','z','e','[',
  ('0' + ((SIZE / 10000)%10)),
  ('0' + ((SIZE / 1000)%10)),
  ('0' + ((SIZE / 100)%10)),
  ('0' + ((SIZE / 10)%10)),
  ('0' +  (SIZE    % 10)),
  ']',
#ifdef KEY
  ' ','k','e','y','[', KEY, ']',
#endif
  '\0'};

#ifdef __CLASSIC_C__
int main(argc, argv) int argc; char *argv[];
#else
int main(int argc, char *argv[])
#endif
{
  int require = 0;
  require += info_size[argc];
  (void)argv;
  return require;
}


Determining size of unsigned __int32 failed with the following output:
Change Dir: /home/raymond/elec499/autopot-c++/mysql-connector-cpp-1.1.9/CMakeFiles/CMakeTmp

Run Build Command:"/usr/bin/make" "cmTC_929a2/fast"
/usr/bin/make -f CMakeFiles/cmTC_929a2.dir/build.make CMakeFiles/cmTC_929a2.dir/build
make[1]: Entering directory '/home/raymond/elec499/autopot-c++/mysql-connector-cpp-1.1.9/CMakeFiles/CMakeTmp'
Building C object CMakeFiles/cmTC_929a2.dir/HAVE_MS_UINT32.c.o
/usr/bin/cc     -o CMakeFiles/cmTC_929a2.dir/HAVE_MS_UINT32.c.o   -c /home/raymond/elec499/autopot-c++/mysql-connector-cpp-1.1.9/CMakeFiles/CheckTypeSize/HAVE_MS_UINT32.c
/home/raymond/elec499/autopot-c++/mysql-connector-cpp-1.1.9/CMakeFiles/CheckTypeSize/HAVE_MS_UINT32.c:17:31: error: expected ‘)’ before ‘__int32’
 #define SIZE (sizeof(unsigned __int32))
                               ^
/home/raymond/elec499/autopot-c++/mysql-connector-cpp-1.1.9/CMakeFiles/CheckTypeSize/HAVE_MS_UINT32.c:19:12: note: in expansion of macro ‘SIZE’
   ('0' + ((SIZE / 10000)%10)),
            ^
/home/raymond/elec499/autopot-c++/mysql-connector-cpp-1.1.9/CMakeFiles/CheckTypeSize/HAVE_MS_UINT32.c:17:31: error: expected ‘)’ before ‘__int32’
 #define SIZE (sizeof(unsigned __int32))
                               ^
/home/raymond/elec499/autopot-c++/mysql-connector-cpp-1.1.9/CMakeFiles/CheckTypeSize/HAVE_MS_UINT32.c:20:12: note: in expansion of macro ‘SIZE’
   ('0' + ((SIZE / 1000)%10)),
            ^
/home/raymond/elec499/autopot-c++/mysql-connector-cpp-1.1.9/CMakeFiles/CheckTypeSize/HAVE_MS_UINT32.c:17:31: error: expected ‘)’ before ‘__int32’
 #define SIZE (sizeof(unsigned __int32))
                               ^
/home/raymond/elec499/autopot-c++/mysql-connector-cpp-1.1.9/CMakeFiles/CheckTypeSize/HAVE_MS_UINT32.c:21:12: note: in expansion of macro ‘SIZE’
   ('0' + ((SIZE / 100)%10)),
            ^
/home/raymond/elec499/autopot-c++/mysql-connector-cpp-1.1.9/CMakeFiles/CheckTypeSize/HAVE_MS_UINT32.c:17:31: error: expected ‘)’ before ‘__int32’
 #define SIZE (sizeof(unsigned __int32))
                               ^
/home/raymond/elec499/autopot-c++/mysql-connector-cpp-1.1.9/CMakeFiles/CheckTypeSize/HAVE_MS_UINT32.c:22:12: note: in expansion of macro ‘SIZE’
   ('0' + ((SIZE / 10)%10)),
            ^
/home/raymond/elec499/autopot-c++/mysql-connector-cpp-1.1.9/CMakeFiles/CheckTypeSize/HAVE_MS_UINT32.c:17:31: error: expected ‘)’ before ‘__int32’
 #define SIZE (sizeof(unsigned __int32))
                               ^
/home/raymond/elec499/autopot-c++/mysql-connector-cpp-1.1.9/CMakeFiles/CheckTypeSize/HAVE_MS_UINT32.c:23:12: note: in expansion of macro ‘SIZE’
   ('0' +  (SIZE    % 10)),
            ^
CMakeFiles/cmTC_929a2.dir/build.make:65: recipe for target 'CMakeFiles/cmTC_929a2.dir/HAVE_MS_UINT32.c.o' failed
make[1]: *** [CMakeFiles/cmTC_929a2.dir/HAVE_MS_UINT32.c.o] Error 1
make[1]: Leaving directory '/home/raymond/elec499/autopot-c++/mysql-connector-cpp-1.1.9/CMakeFiles/CMakeTmp'
Makefile:126: recipe for target 'cmTC_929a2/fast' failed
make: *** [cmTC_929a2/fast] Error 2

/home/raymond/elec499/autopot-c++/mysql-connector-cpp-1.1.9/CMakeFiles/CheckTypeSize/HAVE_MS_UINT32.c:
#include <sys/types.h>
#include <stdint.h>
#include <stddef.h>


#undef KEY
#if defined(__i386)
# define KEY '_','_','i','3','8','6'
#elif defined(__x86_64)
# define KEY '_','_','x','8','6','_','6','4'
#elif defined(__ppc__)
# define KEY '_','_','p','p','c','_','_'
#elif defined(__ppc64__)
# define KEY '_','_','p','p','c','6','4','_','_'
#endif

#define SIZE (sizeof(unsigned __int32))
char info_size[] =  {'I', 'N', 'F', 'O', ':', 's','i','z','e','[',
  ('0' + ((SIZE / 10000)%10)),
  ('0' + ((SIZE / 1000)%10)),
  ('0' + ((SIZE / 100)%10)),
  ('0' + ((SIZE / 10)%10)),
  ('0' +  (SIZE    % 10)),
  ']',
#ifdef KEY
  ' ','k','e','y','[', KEY, ']',
#endif
  '\0'};

#ifdef __CLASSIC_C__
int main(argc, argv) int argc; char *argv[];
#else
int main(int argc, char *argv[])
#endif
{
  int require = 0;
  require += info_size[argc];
  (void)argv;
  return require;
}


Determining size of __int64 failed with the following output:
Change Dir: /home/raymond/elec499/autopot-c++/mysql-connector-cpp-1.1.9/CMakeFiles/CMakeTmp

Run Build Command:"/usr/bin/make" "cmTC_e3de9/fast"
/usr/bin/make -f CMakeFiles/cmTC_e3de9.dir/build.make CMakeFiles/cmTC_e3de9.dir/build
make[1]: Entering directory '/home/raymond/elec499/autopot-c++/mysql-connector-cpp-1.1.9/CMakeFiles/CMakeTmp'
Building C object CMakeFiles/cmTC_e3de9.dir/HAVE_MS_INT64.c.o
/usr/bin/cc     -o CMakeFiles/cmTC_e3de9.dir/HAVE_MS_INT64.c.o   -c /home/raymond/elec499/autopot-c++/mysql-connector-cpp-1.1.9/CMakeFiles/CheckTypeSize/HAVE_MS_INT64.c
/home/raymond/elec499/autopot-c++/mysql-connector-cpp-1.1.9/CMakeFiles/CheckTypeSize/HAVE_MS_INT64.c:17:22: error: ‘__int64’ undeclared here (not in a function)
 #define SIZE (sizeof(__int64))
                      ^
/home/raymond/elec499/autopot-c++/mysql-connector-cpp-1.1.9/CMakeFiles/CheckTypeSize/HAVE_MS_INT64.c:19:12: note: in expansion of macro ‘SIZE’
   ('0' + ((SIZE / 10000)%10)),
            ^
CMakeFiles/cmTC_e3de9.dir/build.make:65: recipe for target 'CMakeFiles/cmTC_e3de9.dir/HAVE_MS_INT64.c.o' failed
make[1]: *** [CMakeFiles/cmTC_e3de9.dir/HAVE_MS_INT64.c.o] Error 1
make[1]: Leaving directory '/home/raymond/elec499/autopot-c++/mysql-connector-cpp-1.1.9/CMakeFiles/CMakeTmp'
Makefile:126: recipe for target 'cmTC_e3de9/fast' failed
make: *** [cmTC_e3de9/fast] Error 2

/home/raymond/elec499/autopot-c++/mysql-connector-cpp-1.1.9/CMakeFiles/CheckTypeSize/HAVE_MS_INT64.c:
#include <sys/types.h>
#include <stdint.h>
#include <stddef.h>


#undef KEY
#if defined(__i386)
# define KEY '_','_','i','3','8','6'
#elif defined(__x86_64)
# define KEY '_','_','x','8','6','_','6','4'
#elif defined(__ppc__)
# define KEY '_','_','p','p','c','_','_'
#elif defined(__ppc64__)
# define KEY '_','_','p','p','c','6','4','_','_'
#endif

#define SIZE (sizeof(__int64))
char info_size[] =  {'I', 'N', 'F', 'O', ':', 's','i','z','e','[',
  ('0' + ((SIZE / 10000)%10)),
  ('0' + ((SIZE / 1000)%10)),
  ('0' + ((SIZE / 100)%10)),
  ('0' + ((SIZE / 10)%10)),
  ('0' +  (SIZE    % 10)),
  ']',
#ifdef KEY
  ' ','k','e','y','[', KEY, ']',
#endif
  '\0'};

#ifdef __CLASSIC_C__
int main(argc, argv) int argc; char *argv[];
#else
int main(int argc, char *argv[])
#endif
{
  int require = 0;
  require += info_size[argc];
  (void)argv;
  return require;
}


Determining size of unsigned __int64 failed with the following output:
Change Dir: /home/raymond/elec499/autopot-c++/mysql-connector-cpp-1.1.9/CMakeFiles/CMakeTmp

Run Build Command:"/usr/bin/make" "cmTC_cc4ae/fast"
/usr/bin/make -f CMakeFiles/cmTC_cc4ae.dir/build.make CMakeFiles/cmTC_cc4ae.dir/build
make[1]: Entering directory '/home/raymond/elec499/autopot-c++/mysql-connector-cpp-1.1.9/CMakeFiles/CMakeTmp'
Building C object CMakeFiles/cmTC_cc4ae.dir/HAVE_MS_UINT64.c.o
/usr/bin/cc     -o CMakeFiles/cmTC_cc4ae.dir/HAVE_MS_UINT64.c.o   -c /home/raymond/elec499/autopot-c++/mysql-connector-cpp-1.1.9/CMakeFiles/CheckTypeSize/HAVE_MS_UINT64.c
/home/raymond/elec499/autopot-c++/mysql-connector-cpp-1.1.9/CMakeFiles/CheckTypeSize/HAVE_MS_UINT64.c:17:31: error: expected ‘)’ before ‘__int64’
 #define SIZE (sizeof(unsigned __int64))
                               ^
/home/raymond/elec499/autopot-c++/mysql-connector-cpp-1.1.9/CMakeFiles/CheckTypeSize/HAVE_MS_UINT64.c:19:12: note: in expansion of macro ‘SIZE’
   ('0' + ((SIZE / 10000)%10)),
            ^
/home/raymond/elec499/autopot-c++/mysql-connector-cpp-1.1.9/CMakeFiles/CheckTypeSize/HAVE_MS_UINT64.c:17:31: error: expected ‘)’ before ‘__int64’
 #define SIZE (sizeof(unsigned __int64))
                               ^
/home/raymond/elec499/autopot-c++/mysql-connector-cpp-1.1.9/CMakeFiles/CheckTypeSize/HAVE_MS_UINT64.c:20:12: note: in expansion of macro ‘SIZE’
   ('0' + ((SIZE / 1000)%10)),
            ^
/home/raymond/elec499/autopot-c++/mysql-connector-cpp-1.1.9/CMakeFiles/CheckTypeSize/HAVE_MS_UINT64.c:17:31: error: expected ‘)’ before ‘__int64’
 #define SIZE (sizeof(unsigned __int64))
                               ^
/home/raymond/elec499/autopot-c++/mysql-connector-cpp-1.1.9/CMakeFiles/CheckTypeSize/HAVE_MS_UINT64.c:21:12: note: in expansion of macro ‘SIZE’
   ('0' + ((SIZE / 100)%10)),
            ^
/home/raymond/elec499/autopot-c++/mysql-connector-cpp-1.1.9/CMakeFiles/CheckTypeSize/HAVE_MS_UINT64.c:17:31: error: expected ‘)’ before ‘__int64’
 #define SIZE (sizeof(unsigned __int64))
                               ^
/home/raymond/elec499/autopot-c++/mysql-connector-cpp-1.1.9/CMakeFiles/CheckTypeSize/HAVE_MS_UINT64.c:22:12: note: in expansion of macro ‘SIZE’
   ('0' + ((SIZE / 10)%10)),
            ^
/home/raymond/elec499/autopot-c++/mysql-connector-cpp-1.1.9/CMakeFiles/CheckTypeSize/HAVE_MS_UINT64.c:17:31: error: expected ‘)’ before ‘__int64’
 #define SIZE (sizeof(unsigned __int64))
                               ^
/home/raymond/elec499/autopot-c++/mysql-connector-cpp-1.1.9/CMakeFiles/CheckTypeSize/HAVE_MS_UINT64.c:23:12: note: in expansion of macro ‘SIZE’
   ('0' +  (SIZE    % 10)),
            ^
CMakeFiles/cmTC_cc4ae.dir/build.make:65: recipe for target 'CMakeFiles/cmTC_cc4ae.dir/HAVE_MS_UINT64.c.o' failed
make[1]: *** [CMakeFiles/cmTC_cc4ae.dir/HAVE_MS_UINT64.c.o] Error 1
make[1]: Leaving directory '/home/raymond/elec499/autopot-c++/mysql-connector-cpp-1.1.9/CMakeFiles/CMakeTmp'
Makefile:126: recipe for target 'cmTC_cc4ae/fast' failed
make: *** [cmTC_cc4ae/fast] Error 2

/home/raymond/elec499/autopot-c++/mysql-connector-cpp-1.1.9/CMakeFiles/CheckTypeSize/HAVE_MS_UINT64.c:
#include <sys/types.h>
#include <stdint.h>
#include <stddef.h>


#undef KEY
#if defined(__i386)
# define KEY '_','_','i','3','8','6'
#elif defined(__x86_64)
# define KEY '_','_','x','8','6','_','6','4'
#elif defined(__ppc__)
# define KEY '_','_','p','p','c','_','_'
#elif defined(__ppc64__)
# define KEY '_','_','p','p','c','6','4','_','_'
#endif

#define SIZE (sizeof(unsigned __int64))
char info_size[] =  {'I', 'N', 'F', 'O', ':', 's','i','z','e','[',
  ('0' + ((SIZE / 10000)%10)),
  ('0' + ((SIZE / 1000)%10)),
  ('0' + ((SIZE / 100)%10)),
  ('0' + ((SIZE / 10)%10)),
  ('0' +  (SIZE    % 10)),
  ']',
#ifdef KEY
  ' ','k','e','y','[', KEY, ']',
#endif
  '\0'};

#ifdef __CLASSIC_C__
int main(argc, argv) int argc; char *argv[];
#else
int main(int argc, char *argv[])
#endif
{
  int require = 0;
  require += info_size[argc];
  (void)argv;
  return require;
}


